SENSORID - VALUE - SUBSYSTEM - TIMESTAMP
========   =====   =========   =========
I2C0_mux1_ch0_1D (70, 75, 25.0) Payload 03/28/2016 01:42:07
 I2C0_mux1_ch0_48 25.2 Payload 03/28/2016 01:42:07
 I2C0_mux1_ch0_1D (125, 140, 25.0) Payload 03/28/2016 01:42:09
 I2C0_mux1_ch0_48 25.4 Payload 03/28/2016 01:42:09
 I2C0_mux1_ch0_1D (180, 205, 25.0) Payload 03/28/2016 01:42:11
 I2C0_mux1_ch0_48 25.599999999999998 Payload 03/28/2016 01:42:11
 I2C0_mux1_ch0_1D (235, 270, 25.0) Payload 03/28/2016 01:42:13
 I2C0_mux1_ch0_48 25.799999999999997 Payload 03/28/2016 01:42:13
 I2C0_mux1_ch0_1D (290, 335, 25.0) Payload 03/28/2016 01:42:15
 I2C0_mux1_ch0_48 25.999999999999996 Payload 03/28/2016 01:42:15
 I2C0_mux1_ch0_1D (345, 400, 25.0) Payload 03/28/2016 01:42:17
 I2C0_mux1_ch0_48 26.199999999999996 Payload 03/28/2016 01:42:17
 I2C0_mux1_ch0_1D (400, 465, 25.0) Payload 03/28/2016 01:42:19
 I2C0_mux1_ch0_48 26.399999999999995 Payload 03/28/2016 01:42:19
 I2C0_mux1_ch0_1D (455, 530, 25.0) Payload 03/28/2016 01:42:21
 I2C0_mux1_ch0_48 26.599999999999994 Payload 03/28/2016 01:42:21
 I2C0_mux1_ch0_1D (510, 595, 25.0) Payload 03/28/2016 01:42:23
 I2C0_mux1_ch0_48 26.799999999999994 Payload 03/28/2016 01:42:23
 I2C0_mux1_ch0_1D (565, 660, 25.0) Payload 03/28/2016 01:42:25
 I2C0_mux1_ch0_48 26.999999999999993 Payload 03/28/2016 01:42:25
 I2C0_mux1_ch0_1D (620, 725, 25.0) Payload 03/28/2016 01:42:27
 I2C0_mux1_ch0_48 27.199999999999992 Payload 03/28/2016 01:42:27
 I2C0_mux1_ch0_1D (675, 790, 25.0) Payload 03/28/2016 01:42:29
 I2C0_mux1_ch0_48 27.39999999999999 Payload 03/28/2016 01:42:29
 I2C0_mux1_ch0_1D (730, 855, 25.0) Payload 03/28/2016 01:42:31
 I2C0_mux1_ch0_48 27.59999999999999 Payload 03/28/2016 01:42:31
 I2C0_mux1_ch0_1D (785, 920, 25.0) Payload 03/28/2016 01:42:33
 I2C0_mux1_ch0_48 27.79999999999999 Payload 03/28/2016 01:42:33
 I2C0_mux1_ch0_1D (840, 985, 25.0) Payload 03/28/2016 01:42:35
 I2C0_mux1_ch0_48 27.99999999999999 Payload 03/28/2016 01:42:35
 I2C0_mux1_ch0_1D (895, 1050, 25.0) Payload 03/28/2016 01:42:37
 I2C0_mux1_ch0_48 28.19999999999999 Payload 03/28/2016 01:42:37
 I2C0_mux1_ch0_1D (950, 1115, 25.0) Payload 03/28/2016 01:42:39
 I2C0_mux1_ch0_48 28.399999999999988 Payload 03/28/2016 01:42:39
 I2C0_mux1_ch0_1D (1005, 1180, 25.0) Payload 03/28/2016 01:42:41
 I2C0_mux1_ch0_48 28.599999999999987 Payload 03/28/2016 01:42:41
 I2C0_mux1_ch0_1D (1060, 1245, 25.0) Payload 03/28/2016 01:42:43
 I2C0_mux1_ch0_48 28.799999999999986 Payload 03/28/2016 01:42:43
 I2C0_mux1_ch0_1D (1115, 1310, 25.0) Payload 03/28/2016 01:42:45
 I2C0_mux1_ch0_48 28.999999999999986 Payload 03/28/2016 01:42:45
 I2C0_mux1_ch0_1D (1170, 1375, 25.0) Payload 03/28/2016 01:42:47
 I2C0_mux1_ch0_48 29.199999999999985 Payload 03/28/2016 01:42:47
 I2C0_mux1_ch0_1D (1225, 1440, 25.0) Payload 03/28/2016 01:42:49
 I2C0_mux1_ch0_48 29.399999999999984 Payload 03/28/2016 01:42:49
 I2C0_mux1_ch0_1D (1280, 1505, 25.0) Payload 03/28/2016 01:42:51
 I2C0_mux1_ch0_48 29.599999999999984 Payload 03/28/2016 01:42:51
 I2C0_mux1_ch0_1D (1335, 1570, 25.0) Payload 03/28/2016 01:42:53
 I2C0_mux1_ch0_48 29.799999999999983 Payload 03/28/2016 01:42:53
 I2C0_mux1_ch0_1D (1390, 1635, 25.0) Payload 03/28/2016 01:42:55
 I2C0_mux1_ch0_48 29.999999999999982 Payload 03/28/2016 01:42:55
 I2C0_mux1_ch0_1D (1445, 1700, 25.0) Payload 03/28/2016 01:42:57
 I2C0_mux1_ch0_48 30.19999999999998 Payload 03/28/2016 01:42:57
 I2C0_mux1_ch0_1D (1500, 1765, 25.0) Payload 03/28/2016 01:42:59
 I2C0_mux1_ch0_48 30.39999999999998 Payload 03/28/2016 01:42:59
 I2C0_mux1_ch0_1D (1555, 1830, 25.0) Payload 03/28/2016 01:43:01
 I2C0_mux1_ch0_48 30.59999999999998 Payload 03/28/2016 01:43:01
 I2C0_mux1_ch0_1D (1610, 1895, 25.0) Payload 03/28/2016 01:43:03
 I2C0_mux1_ch0_48 30.79999999999998 Payload 03/28/2016 01:43:03
 I2C0_mux1_ch0_1D (1665, 1960, 25.0) Payload 03/28/2016 01:43:05
 I2C0_mux1_ch0_48 30.99999999999998 Payload 03/28/2016 01:43:05
 I2C0_mux1_ch0_1D (1720, 2025, 25.0) Payload 03/28/2016 01:43:07
 I2C0_mux1_ch0_48 31.199999999999978 Payload 03/28/2016 01:43:07
 I2C0_mux1_ch0_1D (1775, 2090, 25.0) Payload 03/28/2016 01:43:09
 I2C0_mux1_ch0_48 31.399999999999977 Payload 03/28/2016 01:43:09
 I2C0_mux1_ch0_1D (1830, 2155, 25.0) Payload 03/28/2016 01:43:11
 I2C0_mux1_ch0_48 31.599999999999977 Payload 03/28/2016 01:43:11
 I2C0_mux1_ch0_1D (1885, 2220, 25.0) Payload 03/28/2016 01:43:13
 I2C0_mux1_ch0_48 31.799999999999976 Payload 03/28/2016 01:43:13
 I2C0_mux1_ch0_1D (1940, 2285, 25.0) Payload 03/28/2016 01:43:15
 I2C0_mux1_ch0_48 31.999999999999975 Payload 03/28/2016 01:43:15
 I2C0_mux1_ch0_1D (1995, 2350, 25.0) Payload 03/28/2016 01:43:17
 I2C0_mux1_ch0_48 32.199999999999974 Payload 03/28/2016 01:43:17
 I2C0_mux1_ch0_1D (2050, 2415, 25.0) Payload 03/28/2016 01:43:19
 I2C0_mux1_ch0_48 32.39999999999998 Payload 03/28/2016 01:43:19
 I2C0_mux1_ch0_1D (2105, 2480, 25.0) Payload 03/28/2016 01:43:21
 I2C0_mux1_ch0_48 32.59999999999998 Payload 03/28/2016 01:43:21
 I2C0_mux1_ch0_1D (2160, 2545, 25.0) Payload 03/28/2016 01:43:23
 I2C0_mux1_ch0_48 32.79999999999998 Payload 03/28/2016 01:43:23
 I2C0_mux1_ch0_1D (2215, 2610, 25.0) Payload 03/28/2016 01:43:25
 I2C0_mux1_ch0_48 32.999999999999986 Payload 03/28/2016 01:43:25
 I2C0_mux1_ch0_1D (2270, 2675, 25.0) Payload 03/28/2016 01:43:27
 I2C0_mux1_ch0_48 33.19999999999999 Payload 03/28/2016 01:43:27
 I2C0_mux1_ch0_1D (2325, 2740, 25.0) Payload 03/28/2016 01:43:29
 I2C0_mux1_ch0_48 33.39999999999999 Payload 03/28/2016 01:43:29
 I2C0_mux1_ch0_1D (2380, 2805, 25.0) Payload 03/28/2016 01:43:31
 I2C0_mux1_ch0_48 33.599999999999994 Payload 03/28/2016 01:43:31
 I2C0_mux1_ch0_1D (2435, 2870, 25.0) Payload 03/28/2016 01:43:33
 I2C0_mux1_ch0_48 33.8 Payload 03/28/2016 01:43:33
 I2C0_mux1_ch0_1D (2490, 2935, 25.0) Payload 03/28/2016 01:43:35
 I2C0_mux1_ch0_48 34.0 Payload 03/28/2016 01:43:35
 I2C0_mux1_ch0_1D (2545, 3000, 25.0) Payload 03/28/2016 01:43:37
 I2C0_mux1_ch0_48 34.2 Payload 03/28/2016 01:43:37
 I2C0_mux1_ch0_1D (2600, 3065, 25.0) Payload 03/28/2016 01:43:39
 I2C0_mux1_ch0_48 34.400000000000006 Payload 03/28/2016 01:43:39
 I2C0_mux1_ch0_1D (2655, 3130, 25.0) Payload 03/28/2016 01:43:41
 I2C0_mux1_ch0_48 34.60000000000001 Payload 03/28/2016 01:43:41
 I2C0_mux1_ch0_1D (2710, 3195, 25.0) Payload 03/28/2016 01:43:43
 I2C0_mux1_ch0_48 34.80000000000001 Payload 03/28/2016 01:43:43
 I2C0_mux1_ch0_1D (2765, 3260, 25.0) Payload 03/28/2016 01:43:45
 I2C0_mux1_ch0_48 35.000000000000014 Payload 03/28/2016 01:43:45
 I2C0_mux1_ch0_1D (2820, 3325, 25.0) Payload 03/28/2016 01:43:47
 I2C0_mux1_ch0_48 35.20000000000002 Payload 03/28/2016 01:43:47
 I2C0_mux1_ch0_1D (2875, 3390, 25.0) Payload 03/28/2016 01:43:49
 I2C0_mux1_ch0_48 35.40000000000002 Payload 03/28/2016 01:43:49
 I2C0_mux1_ch0_1D (2930, 3455, 25.0) Payload 03/28/2016 01:43:51
 I2C0_mux1_ch0_48 35.60000000000002 Payload 03/28/2016 01:43:51
 I2C0_mux1_ch0_1D (2985, 3520, 25.0) Payload 03/28/2016 01:43:53
 I2C0_mux1_ch0_48 35.800000000000026 Payload 03/28/2016 01:43:53
 I2C0_mux1_ch0_1D (3040, 3585, 25.0) Payload 03/28/2016 01:43:55
 I2C0_mux1_ch0_48 36.00000000000003 Payload 03/28/2016 01:43:55
 I2C0_mux1_ch0_1D (3095, 3650, 25.0) Payload 03/28/2016 01:43:57
 I2C0_mux1_ch0_48 36.20000000000003 Payload 03/28/2016 01:43:57
 I2C0_mux1_ch0_1D (3150, 3715, 25.0) Payload 03/28/2016 01:43:59
 I2C0_mux1_ch0_48 36.400000000000034 Payload 03/28/2016 01:43:59
 I2C0_mux1_ch0_1D (3205, 3780, 25.0) Payload 03/28/2016 01:44:01
 I2C0_mux1_ch0_48 36.60000000000004 Payload 03/28/2016 01:44:01
 I2C0_mux1_ch0_1D (3260, 3845, 25.0) Payload 03/28/2016 01:44:03
 I2C0_mux1_ch0_48 36.80000000000004 Payload 03/28/2016 01:44:03
 I2C0_mux1_ch0_1D (3315, 3910, 25.0) Payload 03/28/2016 01:44:05
 I2C0_mux1_ch0_48 37.00000000000004 Payload 03/28/2016 01:44:05
 I2C0_mux1_ch0_1D (3370, 3975, 25.0) Payload 03/28/2016 01:44:07
 I2C0_mux1_ch0_48 37.200000000000045 Payload 03/28/2016 01:44:07
 I2C0_mux1_ch0_1D (3425, 4040, 25.0) Payload 03/28/2016 01:44:09
 I2C0_mux1_ch0_48 37.40000000000005 Payload 03/28/2016 01:44:09
 I2C0_mux1_ch0_1D (3480, 4105, 25.0) Payload 03/28/2016 01:44:11
 I2C0_mux1_ch0_48 37.60000000000005 Payload 03/28/2016 01:44:11
 I2C0_mux1_ch0_1D (3535, 4170, 25.0) Payload 03/28/2016 01:44:13
 I2C0_mux1_ch0_48 37.800000000000054 Payload 03/28/2016 01:44:13
 I2C0_mux1_ch0_1D (3590, 4235, 25.0) Payload 03/28/2016 01:44:15
 I2C0_mux1_ch0_48 38.00000000000006 Payload 03/28/2016 01:44:15
 I2C0_mux1_ch0_1D (3645, 4300, 25.0) Payload 03/28/2016 01:44:17
 I2C0_mux1_ch0_48 38.20000000000006 Payload 03/28/2016 01:44:17
 I2C0_mux1_ch0_1D (3700, 4365, 25.0) Payload 03/28/2016 01:44:19
 I2C0_mux1_ch0_48 38.40000000000006 Payload 03/28/2016 01:44:19
 I2C0_mux1_ch0_1D (3755, 4430, 25.0) Payload 03/28/2016 01:44:21
 I2C0_mux1_ch0_48 38.600000000000065 Payload 03/28/2016 01:44:21
 I2C0_mux1_ch0_1D (3810, 4495, 25.0) Payload 03/28/2016 01:44:23
 I2C0_mux1_ch0_48 38.80000000000007 Payload 03/28/2016 01:44:23
 I2C0_mux1_ch0_1D (3865, 4560, 25.0) Payload 03/28/2016 01:44:25
 I2C0_mux1_ch0_48 39.00000000000007 Payload 03/28/2016 01:44:25
 I2C0_mux1_ch0_1D (3920, 4625, 25.0) Payload 03/28/2016 01:44:27
 I2C0_mux1_ch0_48 39.200000000000074 Payload 03/28/2016 01:44:27
 I2C0_mux1_ch0_1D (3975, 4690, 25.0) Payload 03/28/2016 01:44:29
 I2C0_mux1_ch0_48 39.40000000000008 Payload 03/28/2016 01:44:29
 I2C0_mux1_ch0_1D (4030, 4755, 25.0) Payload 03/28/2016 01:44:31
 I2C0_mux1_ch0_48 39.60000000000008 Payload 03/28/2016 01:44:31
 I2C0_mux1_ch0_1D (4085, 4820, 25.0) Payload 03/28/2016 01:44:33
 I2C0_mux1_ch0_48 39.80000000000008 Payload 03/28/2016 01:44:33
 I2C0_mux1_ch0_1D (4140, 4885, 25.0) Payload 03/28/2016 01:44:35
 I2C0_mux1_ch0_48 40.000000000000085 Payload 03/28/2016 01:44:35
 I2C0_mux1_ch0_1D (70, 75, 25.0) Payload 03/28/2016 01:43:26
 I2C0_mux1_ch0_48 25.2 Payload 03/28/2016 01:43:26
 I2C0_mux1_ch0_1D (125, 140, 25.0) Payload 03/28/2016 01:43:28
 I2C0_mux1_ch0_48 25.4 Payload 03/28/2016 01:43:28
 I2C0_mux1_ch0_1D (180, 205, 25.0) Payload 03/28/2016 01:43:30
 I2C0_mux1_ch0_48 25.599999999999998 Payload 03/28/2016 01:43:30
 I2C0_mux1_ch0_1D (235, 270, 25.0) Payload 03/28/2016 01:43:32
 I2C0_mux1_ch0_48 25.799999999999997 Payload 03/28/2016 01:43:32
 I2C0_mux1_ch0_1D (290, 335, 25.0) Payload 03/28/2016 01:43:34
 I2C0_mux1_ch0_48 25.999999999999996 Payload 03/28/2016 01:43:34
 I2C0_mux1_ch0_1D (345, 400, 25.0) Payload 03/28/2016 01:43:36
 I2C0_mux1_ch0_48 26.199999999999996 Payload 03/28/2016 01:43:36
 I2C0_mux1_ch0_1D (400, 465, 25.0) Payload 03/28/2016 01:43:38
 I2C0_mux1_ch0_48 26.399999999999995 Payload 03/28/2016 01:43:38
 I2C0_mux1_ch0_1D (455, 530, 25.0) Payload 03/28/2016 01:43:40
 I2C0_mux1_ch0_48 26.599999999999994 Payload 03/28/2016 01:43:40
 I2C0_mux1_ch0_1D (510, 595, 25.0) Payload 03/28/2016 01:43:42
 I2C0_mux1_ch0_48 26.799999999999994 Payload 03/28/2016 01:43:42
 I2C0_mux1_ch0_1D (565, 660, 25.0) Payload 03/28/2016 01:43:44
 I2C0_mux1_ch0_48 26.999999999999993 Payload 03/28/2016 01:43:44
 I2C0_mux1_ch0_1D (620, 725, 25.0) Payload 03/28/2016 01:43:46
 I2C0_mux1_ch0_48 27.199999999999992 Payload 03/28/2016 01:43:46
 I2C0_mux1_ch0_1D (675, 790, 25.0) Payload 03/28/2016 01:43:48
 I2C0_mux1_ch0_48 27.39999999999999 Payload 03/28/2016 01:43:48
 I2C0_mux1_ch0_1D (730, 855, 25.0) Payload 03/28/2016 01:43:50
 I2C0_mux1_ch0_48 27.59999999999999 Payload 03/28/2016 01:43:50
 I2C0_mux1_ch0_1D (785, 920, 25.0) Payload 03/28/2016 01:43:52
 I2C0_mux1_ch0_48 27.79999999999999 Payload 03/28/2016 01:43:52
 I2C0_mux1_ch0_1D (840, 985, 25.0) Payload 03/28/2016 01:43:54
 I2C0_mux1_ch0_48 27.99999999999999 Payload 03/28/2016 01:43:54
 I2C0_mux1_ch0_1D (895, 1050, 25.0) Payload 03/28/2016 01:43:56
 I2C0_mux1_ch0_48 28.19999999999999 Payload 03/28/2016 01:43:56
 I2C0_mux1_ch0_1D (950, 1115, 25.0) Payload 03/28/2016 01:43:58
 I2C0_mux1_ch0_48 28.399999999999988 Payload 03/28/2016 01:43:58
 I2C0_mux1_ch0_1D (1005, 1180, 25.0) Payload 03/28/2016 01:44:00
 I2C0_mux1_ch0_48 28.599999999999987 Payload 03/28/2016 01:44:00
 I2C0_mux1_ch0_1D (1060, 1245, 25.0) Payload 03/28/2016 01:44:02
 I2C0_mux1_ch0_48 28.799999999999986 Payload 03/28/2016 01:44:02
 I2C0_mux1_ch0_1D (1115, 1310, 25.0) Payload 03/28/2016 01:44:04
 I2C0_mux1_ch0_48 28.999999999999986 Payload 03/28/2016 01:44:04
 I2C0_mux1_ch0_1D (1170, 1375, 25.0) Payload 03/28/2016 01:44:06
 I2C0_mux1_ch0_48 29.199999999999985 Payload 03/28/2016 01:44:06
 I2C0_mux1_ch0_1D (1225, 1440, 25.0) Payload 03/28/2016 01:44:08
 I2C0_mux1_ch0_48 29.399999999999984 Payload 03/28/2016 01:44:08
 I2C0_mux1_ch0_1D (1280, 1505, 25.0) Payload 03/28/2016 01:44:10
 I2C0_mux1_ch0_48 29.599999999999984 Payload 03/28/2016 01:44:10
 I2C0_mux1_ch0_1D (1335, 1570, 25.0) Payload 03/28/2016 01:44:12
 I2C0_mux1_ch0_48 29.799999999999983 Payload 03/28/2016 01:44:12
 I2C0_mux1_ch0_1D (1390, 1635, 25.0) Payload 03/28/2016 01:44:14
 I2C0_mux1_ch0_48 29.999999999999982 Payload 03/28/2016 01:44:14
 I2C0_mux1_ch0_1D (1445, 1700, 25.0) Payload 03/28/2016 01:44:16
 I2C0_mux1_ch0_48 30.19999999999998 Payload 03/28/2016 01:44:16
 I2C0_mux1_ch0_1D (1500, 1765, 25.0) Payload 03/28/2016 01:44:18
 I2C0_mux1_ch0_48 30.39999999999998 Payload 03/28/2016 01:44:18
 I2C0_mux1_ch0_1D (1555, 1830, 25.0) Payload 03/28/2016 01:44:20
 I2C0_mux1_ch0_48 30.59999999999998 Payload 03/28/2016 01:44:20
 I2C0_mux1_ch0_1D (1610, 1895, 25.0) Payload 03/28/2016 01:44:22
 I2C0_mux1_ch0_48 30.79999999999998 Payload 03/28/2016 01:44:22
 I2C0_mux1_ch0_1D (1665, 1960, 25.0) Payload 03/28/2016 01:44:24
 I2C0_mux1_ch0_48 30.99999999999998 Payload 03/28/2016 01:44:24
 I2C0_mux1_ch0_1D (1720, 2025, 25.0) Payload 03/28/2016 01:44:26
 I2C0_mux1_ch0_48 31.199999999999978 Payload 03/28/2016 01:44:26
 I2C0_mux1_ch0_1D (1775, 2090, 25.0) Payload 03/28/2016 01:44:28
 I2C0_mux1_ch0_48 31.399999999999977 Payload 03/28/2016 01:44:28
 I2C0_mux1_ch0_1D (1830, 2155, 25.0) Payload 03/28/2016 01:44:30
 I2C0_mux1_ch0_48 31.599999999999977 Payload 03/28/2016 01:44:30
 I2C0_mux1_ch0_1D (1885, 2220, 25.0) Payload 03/28/2016 01:44:32
 I2C0_mux1_ch0_48 31.799999999999976 Payload 03/28/2016 01:44:32
 I2C0_mux1_ch0_1D (1940, 2285, 25.0) Payload 03/28/2016 01:44:34
 I2C0_mux1_ch0_48 31.999999999999975 Payload 03/28/2016 01:44:34
 I2C0_mux1_ch0_1D (1995, 2350, 25.0) Payload 03/28/2016 01:44:36
 I2C0_mux1_ch0_48 32.199999999999974 Payload 03/28/2016 01:44:36
 I2C0_mux1_ch0_1D (2050, 2415, 25.0) Payload 03/28/2016 01:44:38
 I2C0_mux1_ch0_48 32.39999999999998 Payload 03/28/2016 01:44:38
 I2C0_mux1_ch0_1D (2105, 2480, 25.0) Payload 03/28/2016 01:44:40
 I2C0_mux1_ch0_48 32.59999999999998 Payload 03/28/2016 01:44:40
 I2C0_mux1_ch0_1D (2160, 2545, 25.0) Payload 03/28/2016 01:44:42
 I2C0_mux1_ch0_48 32.79999999999998 Payload 03/28/2016 01:44:42
 I2C0_mux1_ch0_1D (2215, 2610, 25.0) Payload 03/28/2016 01:44:44
 I2C0_mux1_ch0_48 32.999999999999986 Payload 03/28/2016 01:44:44
 I2C0_mux1_ch0_1D (2270, 2675, 25.0) Payload 03/28/2016 01:44:46
 I2C0_mux1_ch0_48 33.19999999999999 Payload 03/28/2016 01:44:46
 I2C0_mux1_ch0_1D (2325, 2740, 25.0) Payload 03/28/2016 01:44:48
 I2C0_mux1_ch0_48 33.39999999999999 Payload 03/28/2016 01:44:48
 I2C0_mux1_ch0_1D (2380, 2805, 25.0) Payload 03/28/2016 01:44:50
 I2C0_mux1_ch0_48 33.599999999999994 Payload 03/28/2016 01:44:50
 I2C0_mux1_ch0_1D (2435, 2870, 25.0) Payload 03/28/2016 01:44:52
 I2C0_mux1_ch0_48 33.8 Payload 03/28/2016 01:44:52
 I2C0_mux1_ch0_1D (2490, 2935, 25.0) Payload 03/28/2016 01:44:54
 I2C0_mux1_ch0_48 34.0 Payload 03/28/2016 01:44:54
 I2C0_mux1_ch0_1D (2545, 3000, 25.0) Payload 03/28/2016 01:44:56
 I2C0_mux1_ch0_48 34.2 Payload 03/28/2016 01:44:56
 I2C0_mux1_ch0_1D (2600, 3065, 25.0) Payload 03/28/2016 01:44:58
 I2C0_mux1_ch0_48 34.400000000000006 Payload 03/28/2016 01:44:58
 I2C0_mux1_ch0_1D (2655, 3130, 25.0) Payload 03/28/2016 01:45:00
 I2C0_mux1_ch0_48 34.60000000000001 Payload 03/28/2016 01:45:00
 I2C0_mux1_ch0_1D (2710, 3195, 25.0) Payload 03/28/2016 01:45:02
 I2C0_mux1_ch0_48 34.80000000000001 Payload 03/28/2016 01:45:02
 I2C0_mux1_ch0_1D (2765, 3260, 25.0) Payload 03/28/2016 01:45:04
 I2C0_mux1_ch0_48 35.000000000000014 Payload 03/28/2016 01:45:04
 I2C0_mux1_ch0_1D (2820, 3325, 25.0) Payload 03/28/2016 01:45:06
 I2C0_mux1_ch0_48 35.20000000000002 Payload 03/28/2016 01:45:06
 I2C0_mux1_ch0_1D (2875, 3390, 25.0) Payload 03/28/2016 01:45:08
 I2C0_mux1_ch0_48 35.40000000000002 Payload 03/28/2016 01:45:08
 I2C0_mux1_ch0_1D (2930, 3455, 25.0) Payload 03/28/2016 01:45:10
 I2C0_mux1_ch0_48 35.60000000000002 Payload 03/28/2016 01:45:10
 I2C0_mux1_ch0_1D (2985, 3520, 25.0) Payload 03/28/2016 01:45:12
 I2C0_mux1_ch0_48 35.800000000000026 Payload 03/28/2016 01:45:12
 I2C0_mux1_ch0_1D (3040, 3585, 25.0) Payload 03/28/2016 01:45:14
 I2C0_mux1_ch0_48 36.00000000000003 Payload 03/28/2016 01:45:14
 I2C0_mux1_ch0_1D (3095, 3650, 25.0) Payload 03/28/2016 01:45:16
 I2C0_mux1_ch0_48 36.20000000000003 Payload 03/28/2016 01:45:16
 I2C0_mux1_ch0_1D (3150, 3715, 25.0) Payload 03/28/2016 01:45:18
 I2C0_mux1_ch0_48 36.400000000000034 Payload 03/28/2016 01:45:18
 I2C0_mux1_ch0_1D (3205, 3780, 25.0) Payload 03/28/2016 01:45:20
 I2C0_mux1_ch0_48 36.60000000000004 Payload 03/28/2016 01:45:20
 I2C0_mux1_ch0_1D (3260, 3845, 25.0) Payload 03/28/2016 01:45:22
 I2C0_mux1_ch0_48 36.80000000000004 Payload 03/28/2016 01:45:22
 I2C0_mux1_ch0_1D (3315, 3910, 25.0) Payload 03/28/2016 01:45:24
 I2C0_mux1_ch0_48 37.00000000000004 Payload 03/28/2016 01:45:24
 I2C0_mux1_ch0_1D (3370, 3975, 25.0) Payload 03/28/2016 01:45:26
 I2C0_mux1_ch0_48 37.200000000000045 Payload 03/28/2016 01:45:26
 I2C0_mux1_ch0_1D (3425, 4040, 25.0) Payload 03/28/2016 01:45:28
 I2C0_mux1_ch0_48 37.40000000000005 Payload 03/28/2016 01:45:28
 I2C0_mux1_ch0_1D (3480, 4105, 25.0) Payload 03/28/2016 01:45:30
 I2C0_mux1_ch0_48 37.60000000000005 Payload 03/28/2016 01:45:30
 I2C0_mux1_ch0_1D (3535, 4170, 25.0) Payload 03/28/2016 01:45:32
 I2C0_mux1_ch0_48 37.800000000000054 Payload 03/28/2016 01:45:32
 I2C0_mux1_ch0_1D (3590, 4235, 25.0) Payload 03/28/2016 01:45:34
 I2C0_mux1_ch0_48 38.00000000000006 Payload 03/28/2016 01:45:34
 I2C0_mux1_ch0_1D (3645, 4300, 25.0) Payload 03/28/2016 01:45:36
 I2C0_mux1_ch0_48 38.20000000000006 Payload 03/28/2016 01:45:36
 I2C0_mux1_ch0_1D (3700, 4365, 25.0) Payload 03/28/2016 01:45:38
 I2C0_mux1_ch0_48 38.40000000000006 Payload 03/28/2016 01:45:38
 I2C0_mux1_ch0_1D (3755, 4430, 25.0) Payload 03/28/2016 01:45:40
 I2C0_mux1_ch0_48 38.600000000000065 Payload 03/28/2016 01:45:40
 I2C0_mux1_ch0_1D (3810, 4495, 25.0) Payload 03/28/2016 01:45:42
 I2C0_mux1_ch0_48 38.80000000000007 Payload 03/28/2016 01:45:42
 I2C0_mux1_ch0_1D (3865, 4560, 25.0) Payload 03/28/2016 01:45:44
 I2C0_mux1_ch0_48 39.00000000000007 Payload 03/28/2016 01:45:44
 I2C0_mux1_ch0_1D (3920, 4625, 25.0) Payload 03/28/2016 01:45:46
 I2C0_mux1_ch0_48 39.200000000000074 Payload 03/28/2016 01:45:46
 I2C0_mux1_ch0_1D (3975, 4690, 25.0) Payload 03/28/2016 01:45:48
 I2C0_mux1_ch0_48 39.40000000000008 Payload 03/28/2016 01:45:48
 I2C0_mux1_ch0_1D (4030, 4755, 25.0) Payload 03/28/2016 01:45:50
 I2C0_mux1_ch0_48 39.60000000000008 Payload 03/28/2016 01:45:50
 I2C0_mux1_ch0_1D (4085, 4820, 25.0) Payload 03/28/2016 01:45:52
 I2C0_mux1_ch0_48 39.80000000000008 Payload 03/28/2016 01:45:52
 I2C0_mux1_ch0_1D (4140, 4885, 25.0) Payload 03/28/2016 01:45:54
 I2C0_mux1_ch0_48 40.000000000000085 Payload 03/28/2016 01:45:54
 I2C0_mux1_ch0_1D (70, 75, 25.0) Payload 03/28/2016 01:46:12
 I2C0_mux1_ch0_48 25.2 Payload 03/28/2016 01:46:12
 I2C0_mux1_ch0_1D (125, 140, 25.0) Payload 03/28/2016 01:46:14
 I2C0_mux1_ch0_48 25.4 Payload 03/28/2016 01:46:14
 I2C0_mux1_ch0_1D (180, 205, 25.0) Payload 03/28/2016 01:46:16
 I2C0_mux1_ch0_48 25.599999999999998 Payload 03/28/2016 01:46:16
 I2C0_mux1_ch0_1D (235, 270, 25.0) Payload 03/28/2016 01:46:18
 I2C0_mux1_ch0_48 25.799999999999997 Payload 03/28/2016 01:46:18
 I2C0_mux1_ch0_1D (290, 335, 25.0) Payload 03/28/2016 01:46:20
 I2C0_mux1_ch0_48 25.999999999999996 Payload 03/28/2016 01:46:20
 I2C0_mux1_ch0_1D (345, 400, 25.0) Payload 03/28/2016 01:46:22
 I2C0_mux1_ch0_48 26.199999999999996 Payload 03/28/2016 01:46:22
 I2C0_mux1_ch0_1D (400, 465, 25.0) Payload 03/28/2016 01:46:24
 I2C0_mux1_ch0_48 26.399999999999995 Payload 03/28/2016 01:46:24
 I2C0_mux1_ch0_1D (455, 530, 25.0) Payload 03/28/2016 01:46:26
 I2C0_mux1_ch0_48 26.599999999999994 Payload 03/28/2016 01:46:26
 I2C0_mux1_ch0_1D (510, 595, 25.0) Payload 03/28/2016 01:46:28
 I2C0_mux1_ch0_48 26.799999999999994 Payload 03/28/2016 01:46:28
 I2C0_mux1_ch0_1D (565, 660, 25.0) Payload 03/28/2016 01:46:30
 I2C0_mux1_ch0_48 26.999999999999993 Payload 03/28/2016 01:46:30
 I2C0_mux1_ch0_1D (620, 725, 25.0) Payload 03/28/2016 01:46:32
 I2C0_mux1_ch0_48 27.199999999999992 Payload 03/28/2016 01:46:32
 I2C0_mux1_ch0_1D (675, 790, 25.0) Payload 03/28/2016 01:46:34
 I2C0_mux1_ch0_48 27.39999999999999 Payload 03/28/2016 01:46:34
 I2C0_mux1_ch0_1D (730, 855, 25.0) Payload 03/28/2016 01:46:36
 I2C0_mux1_ch0_48 27.59999999999999 Payload 03/28/2016 01:46:36
 I2C0_mux1_ch0_1D (785, 920, 25.0) Payload 03/28/2016 01:46:38
 I2C0_mux1_ch0_48 27.79999999999999 Payload 03/28/2016 01:46:38
 I2C0_mux1_ch0_1D (840, 985, 25.0) Payload 03/28/2016 01:46:40
 I2C0_mux1_ch0_48 27.99999999999999 Payload 03/28/2016 01:46:40
 I2C0_mux1_ch0_1D (895, 1050, 25.0) Payload 03/28/2016 01:46:42
 I2C0_mux1_ch0_48 28.19999999999999 Payload 03/28/2016 01:46:42
 I2C0_mux1_ch0_1D (950, 1115, 25.0) Payload 03/28/2016 01:46:44
 I2C0_mux1_ch0_48 28.399999999999988 Payload 03/28/2016 01:46:44
 I2C0_mux1_ch0_1D (1005, 1180, 25.0) Payload 03/28/2016 01:46:46
 I2C0_mux1_ch0_48 28.599999999999987 Payload 03/28/2016 01:46:46
 I2C0_mux1_ch0_1D (1060, 1245, 25.0) Payload 03/28/2016 01:46:48
 I2C0_mux1_ch0_48 28.799999999999986 Payload 03/28/2016 01:46:48
 I2C0_mux1_ch0_1D (1115, 1310, 25.0) Payload 03/28/2016 01:46:50
 I2C0_mux1_ch0_48 28.999999999999986 Payload 03/28/2016 01:46:50
 I2C0_mux1_ch0_1D (1170, 1375, 25.0) Payload 03/28/2016 01:46:52
 I2C0_mux1_ch0_48 29.199999999999985 Payload 03/28/2016 01:46:52
 I2C0_mux1_ch0_1D (1225, 1440, 25.0) Payload 03/28/2016 01:46:54
 I2C0_mux1_ch0_48 29.399999999999984 Payload 03/28/2016 01:46:54
 I2C0_mux1_ch0_1D (1280, 1505, 25.0) Payload 03/28/2016 01:46:56
 I2C0_mux1_ch0_48 29.599999999999984 Payload 03/28/2016 01:46:56
 I2C0_mux1_ch0_1D (1335, 1570, 25.0) Payload 03/28/2016 01:46:58
 I2C0_mux1_ch0_48 29.799999999999983 Payload 03/28/2016 01:46:58
 I2C0_mux1_ch0_1D (1390, 1635, 25.0) Payload 03/28/2016 01:47:00
 I2C0_mux1_ch0_48 29.999999999999982 Payload 03/28/2016 01:47:00
 I2C0_mux1_ch0_1D (1445, 1700, 25.0) Payload 03/28/2016 01:47:02
 I2C0_mux1_ch0_48 30.19999999999998 Payload 03/28/2016 01:47:02
 I2C0_mux1_ch0_1D (1500, 1765, 25.0) Payload 03/28/2016 01:47:04
 I2C0_mux1_ch0_48 30.39999999999998 Payload 03/28/2016 01:47:04
 I2C0_mux1_ch0_1D (1555, 1830, 25.0) Payload 03/28/2016 01:47:06
 I2C0_mux1_ch0_48 30.59999999999998 Payload 03/28/2016 01:47:06
 I2C0_mux1_ch0_1D (1610, 1895, 25.0) Payload 03/28/2016 01:47:08
 I2C0_mux1_ch0_48 30.79999999999998 Payload 03/28/2016 01:47:08
 I2C0_mux1_ch0_1D (1665, 1960, 25.0) Payload 03/28/2016 01:47:10
 I2C0_mux1_ch0_48 30.99999999999998 Payload 03/28/2016 01:47:10
 I2C0_mux1_ch0_1D (1720, 2025, 25.0) Payload 03/28/2016 01:47:12
 I2C0_mux1_ch0_48 31.199999999999978 Payload 03/28/2016 01:47:12
 I2C0_mux1_ch0_1D (1775, 2090, 25.0) Payload 03/28/2016 01:47:14
 I2C0_mux1_ch0_48 31.399999999999977 Payload 03/28/2016 01:47:14
 I2C0_mux1_ch0_1D (1830, 2155, 25.0) Payload 03/28/2016 01:47:16
 I2C0_mux1_ch0_48 31.599999999999977 Payload 03/28/2016 01:47:16
 I2C0_mux1_ch0_1D (1885, 2220, 25.0) Payload 03/28/2016 01:47:18
 I2C0_mux1_ch0_48 31.799999999999976 Payload 03/28/2016 01:47:18
 I2C0_mux1_ch0_1D (1940, 2285, 25.0) Payload 03/28/2016 01:47:20
 I2C0_mux1_ch0_48 31.999999999999975 Payload 03/28/2016 01:47:20
 I2C0_mux1_ch0_1D (1995, 2350, 25.0) Payload 03/28/2016 01:47:22
 I2C0_mux1_ch0_48 32.199999999999974 Payload 03/28/2016 01:47:22
 I2C0_mux1_ch0_1D (2050, 2415, 25.0) Payload 03/28/2016 01:47:24
 I2C0_mux1_ch0_48 32.39999999999998 Payload 03/28/2016 01:47:24
 I2C0_mux1_ch0_1D (2105, 2480, 25.0) Payload 03/28/2016 01:47:26
 I2C0_mux1_ch0_48 32.59999999999998 Payload 03/28/2016 01:47:26
 I2C0_mux1_ch0_1D (2160, 2545, 25.0) Payload 03/28/2016 01:47:28
 I2C0_mux1_ch0_48 32.79999999999998 Payload 03/28/2016 01:47:28
 I2C0_mux1_ch0_1D (2215, 2610, 25.0) Payload 03/28/2016 01:47:30
 I2C0_mux1_ch0_48 32.999999999999986 Payload 03/28/2016 01:47:30
 I2C0_mux1_ch0_1D (2270, 2675, 25.0) Payload 03/28/2016 01:47:32
 I2C0_mux1_ch0_48 33.19999999999999 Payload 03/28/2016 01:47:32
 I2C0_mux1_ch0_1D (2325, 2740, 25.0) Payload 03/28/2016 01:47:34
 I2C0_mux1_ch0_48 33.39999999999999 Payload 03/28/2016 01:47:34
 I2C0_mux1_ch0_1D (2380, 2805, 25.0) Payload 03/28/2016 01:47:36
 I2C0_mux1_ch0_48 33.599999999999994 Payload 03/28/2016 01:47:36
 I2C0_mux1_ch0_1D (2435, 2870, 25.0) Payload 03/28/2016 01:47:38
 I2C0_mux1_ch0_48 33.8 Payload 03/28/2016 01:47:38
 I2C0_mux1_ch0_1D (2490, 2935, 25.0) Payload 03/28/2016 01:47:40
 I2C0_mux1_ch0_48 34.0 Payload 03/28/2016 01:47:40
 I2C0_mux1_ch0_1D (2545, 3000, 25.0) Payload 03/28/2016 01:47:42
 I2C0_mux1_ch0_48 34.2 Payload 03/28/2016 01:47:42
 I2C0_mux1_ch0_1D (2600, 3065, 25.0) Payload 03/28/2016 01:47:44
 I2C0_mux1_ch0_48 34.400000000000006 Payload 03/28/2016 01:47:44
 I2C0_mux1_ch0_1D (2655, 3130, 25.0) Payload 03/28/2016 01:47:46
 I2C0_mux1_ch0_48 34.60000000000001 Payload 03/28/2016 01:47:46
 I2C0_mux1_ch0_1D (2710, 3195, 25.0) Payload 03/28/2016 01:47:48
 I2C0_mux1_ch0_48 34.80000000000001 Payload 03/28/2016 01:47:48
 I2C0_mux1_ch0_1D (2765, 3260, 25.0) Payload 03/28/2016 01:47:50
 I2C0_mux1_ch0_48 35.000000000000014 Payload 03/28/2016 01:47:50
 I2C0_mux1_ch0_1D (2820, 3325, 25.0) Payload 03/28/2016 01:47:52
 I2C0_mux1_ch0_48 35.20000000000002 Payload 03/28/2016 01:47:52
 I2C0_mux1_ch0_1D (2875, 3390, 25.0) Payload 03/28/2016 01:47:54
 I2C0_mux1_ch0_48 35.40000000000002 Payload 03/28/2016 01:47:54
 I2C0_mux1_ch0_1D (2930, 3455, 25.0) Payload 03/28/2016 01:47:56
 I2C0_mux1_ch0_48 35.60000000000002 Payload 03/28/2016 01:47:56
 I2C0_mux1_ch0_1D (2985, 3520, 25.0) Payload 03/28/2016 01:47:58
 I2C0_mux1_ch0_48 35.800000000000026 Payload 03/28/2016 01:47:58
 I2C0_mux1_ch0_1D (3040, 3585, 25.0) Payload 03/28/2016 01:48:00
 I2C0_mux1_ch0_48 36.00000000000003 Payload 03/28/2016 01:48:00
 I2C0_mux1_ch0_1D (3095, 3650, 25.0) Payload 03/28/2016 01:48:02
 I2C0_mux1_ch0_48 36.20000000000003 Payload 03/28/2016 01:48:02
 I2C0_mux1_ch0_1D (3150, 3715, 25.0) Payload 03/28/2016 01:48:04
 I2C0_mux1_ch0_48 36.400000000000034 Payload 03/28/2016 01:48:04
 I2C0_mux1_ch0_1D (3205, 3780, 25.0) Payload 03/28/2016 01:48:06
 I2C0_mux1_ch0_48 36.60000000000004 Payload 03/28/2016 01:48:06
 I2C0_mux1_ch0_1D (3260, 3845, 25.0) Payload 03/28/2016 01:48:08
 I2C0_mux1_ch0_48 36.80000000000004 Payload 03/28/2016 01:48:08
 I2C0_mux1_ch0_1D (3315, 3910, 25.0) Payload 03/28/2016 01:48:10
 I2C0_mux1_ch0_48 37.00000000000004 Payload 03/28/2016 01:48:10
 I2C0_mux1_ch0_1D (3370, 3975, 25.0) Payload 03/28/2016 01:48:12
 I2C0_mux1_ch0_48 37.200000000000045 Payload 03/28/2016 01:48:12
 I2C0_mux1_ch0_1D (3425, 4040, 25.0) Payload 03/28/2016 01:48:14
 I2C0_mux1_ch0_48 37.40000000000005 Payload 03/28/2016 01:48:14
 I2C0_mux1_ch0_1D (3480, 4105, 25.0) Payload 03/28/2016 01:48:16
 I2C0_mux1_ch0_48 37.60000000000005 Payload 03/28/2016 01:48:16
 I2C0_mux1_ch0_1D (3535, 4170, 25.0) Payload 03/28/2016 01:48:18
 I2C0_mux1_ch0_48 37.800000000000054 Payload 03/28/2016 01:48:18
 I2C0_mux1_ch0_1D (3590, 4235, 25.0) Payload 03/28/2016 01:48:20
 I2C0_mux1_ch0_48 38.00000000000006 Payload 03/28/2016 01:48:20
 I2C0_mux1_ch0_1D (3645, 4300, 25.0) Payload 03/28/2016 01:48:22
 I2C0_mux1_ch0_48 38.20000000000006 Payload 03/28/2016 01:48:22
 I2C0_mux1_ch0_1D (3700, 4365, 25.0) Payload 03/28/2016 01:48:24
 I2C0_mux1_ch0_48 38.40000000000006 Payload 03/28/2016 01:48:24
 I2C0_mux1_ch0_1D (3755, 4430, 25.0) Payload 03/28/2016 01:48:26
 I2C0_mux1_ch0_48 38.600000000000065 Payload 03/28/2016 01:48:26
 I2C0_mux1_ch0_1D (3810, 4495, 25.0) Payload 03/28/2016 01:48:28
 I2C0_mux1_ch0_48 38.80000000000007 Payload 03/28/2016 01:48:28
 I2C0_mux1_ch0_1D (3865, 4560, 25.0) Payload 03/28/2016 01:48:30
 I2C0_mux1_ch0_48 39.00000000000007 Payload 03/28/2016 01:48:30
 I2C0_mux1_ch0_1D (3920, 4625, 25.0) Payload 03/28/2016 01:48:32
 I2C0_mux1_ch0_48 39.200000000000074 Payload 03/28/2016 01:48:32
 I2C0_mux1_ch0_1D (3975, 4690, 25.0) Payload 03/28/2016 01:48:34
 I2C0_mux1_ch0_48 39.40000000000008 Payload 03/28/2016 01:48:34
 I2C0_mux1_ch0_1D (4030, 4755, 25.0) Payload 03/28/2016 01:48:36
 I2C0_mux1_ch0_48 39.60000000000008 Payload 03/28/2016 01:48:36
 I2C0_mux1_ch0_1D (4085, 4820, 25.0) Payload 03/28/2016 01:48:38
 I2C0_mux1_ch0_48 39.80000000000008 Payload 03/28/2016 01:48:38
 I2C0_mux1_ch0_1D (4140, 4885, 25.0) Payload 03/28/2016 01:48:40
 I2C0_mux1_ch0_48 40.000000000000085 Payload 03/28/2016 01:48:40
 I2C0_mux1_ch0_1D (70, 75, 25.0) Payload 03/28/2016 01:48:15
 I2C0_mux1_ch0_48 25.2 Payload 03/28/2016 01:48:15
 I2C0_mux1_ch0_1D (125, 140, 25.0) Payload 03/28/2016 01:48:17
 I2C0_mux1_ch0_48 25.4 Payload 03/28/2016 01:48:17
 I2C0_mux1_ch0_1D (180, 205, 25.0) Payload 03/28/2016 01:48:19
 I2C0_mux1_ch0_48 25.599999999999998 Payload 03/28/2016 01:48:19
 I2C0_mux1_ch0_1D (235, 270, 25.0) Payload 03/28/2016 01:48:21
 I2C0_mux1_ch0_48 25.799999999999997 Payload 03/28/2016 01:48:21
 I2C0_mux1_ch0_1D (290, 335, 25.0) Payload 03/28/2016 01:48:23
 I2C0_mux1_ch0_48 25.999999999999996 Payload 03/28/2016 01:48:23
 I2C0_mux1_ch0_1D (345, 400, 25.0) Payload 03/28/2016 01:48:25
 I2C0_mux1_ch0_48 26.199999999999996 Payload 03/28/2016 01:48:25
 I2C0_mux1_ch0_1D (400, 465, 25.0) Payload 03/28/2016 01:48:27
 I2C0_mux1_ch0_48 26.399999999999995 Payload 03/28/2016 01:48:27
 I2C0_mux1_ch0_1D (455, 530, 25.0) Payload 03/28/2016 01:48:29
 I2C0_mux1_ch0_48 26.599999999999994 Payload 03/28/2016 01:48:29
 I2C0_mux1_ch0_1D (510, 595, 25.0) Payload 03/28/2016 01:48:31
 I2C0_mux1_ch0_48 26.799999999999994 Payload 03/28/2016 01:48:31
 I2C0_mux1_ch0_1D (565, 660, 25.0) Payload 03/28/2016 01:48:33
 I2C0_mux1_ch0_48 26.999999999999993 Payload 03/28/2016 01:48:33
 I2C0_mux1_ch0_1D (620, 725, 25.0) Payload 03/28/2016 01:48:35
 I2C0_mux1_ch0_48 27.199999999999992 Payload 03/28/2016 01:48:35
 I2C0_mux1_ch0_1D (675, 790, 25.0) Payload 03/28/2016 01:48:37
 I2C0_mux1_ch0_48 27.39999999999999 Payload 03/28/2016 01:48:37
 I2C0_mux1_ch0_1D (730, 855, 25.0) Payload 03/28/2016 01:48:39
 I2C0_mux1_ch0_48 27.59999999999999 Payload 03/28/2016 01:48:39
 I2C0_mux1_ch0_1D (785, 920, 25.0) Payload 03/28/2016 01:48:41
 I2C0_mux1_ch0_48 27.79999999999999 Payload 03/28/2016 01:48:41
 I2C0_mux1_ch0_1D (840, 985, 25.0) Payload 03/28/2016 01:48:43
 I2C0_mux1_ch0_48 27.99999999999999 Payload 03/28/2016 01:48:43
 I2C0_mux1_ch0_1D (895, 1050, 25.0) Payload 03/28/2016 01:48:45
 I2C0_mux1_ch0_48 28.19999999999999 Payload 03/28/2016 01:48:45
 I2C0_mux1_ch0_1D (950, 1115, 25.0) Payload 03/28/2016 01:48:47
 I2C0_mux1_ch0_48 28.399999999999988 Payload 03/28/2016 01:48:47
 I2C0_mux1_ch0_1D (1005, 1180, 25.0) Payload 03/28/2016 01:48:49
 I2C0_mux1_ch0_48 28.599999999999987 Payload 03/28/2016 01:48:49
 I2C0_mux1_ch0_1D (1060, 1245, 25.0) Payload 03/28/2016 01:48:51
 I2C0_mux1_ch0_48 28.799999999999986 Payload 03/28/2016 01:48:51
 I2C0_mux1_ch0_1D (1115, 1310, 25.0) Payload 03/28/2016 01:48:53
 I2C0_mux1_ch0_48 28.999999999999986 Payload 03/28/2016 01:48:53
 I2C0_mux1_ch0_1D (1170, 1375, 25.0) Payload 03/28/2016 01:48:55
 I2C0_mux1_ch0_48 29.199999999999985 Payload 03/28/2016 01:48:55
 I2C0_mux1_ch0_1D (1225, 1440, 25.0) Payload 03/28/2016 01:48:57
 I2C0_mux1_ch0_48 29.399999999999984 Payload 03/28/2016 01:48:57
 I2C0_mux1_ch0_1D (1280, 1505, 25.0) Payload 03/28/2016 01:48:59
 I2C0_mux1_ch0_48 29.599999999999984 Payload 03/28/2016 01:48:59
 I2C0_mux1_ch0_1D (1335, 1570, 25.0) Payload 03/28/2016 01:49:01
 I2C0_mux1_ch0_48 29.799999999999983 Payload 03/28/2016 01:49:01
 I2C0_mux1_ch0_1D (1390, 1635, 25.0) Payload 03/28/2016 01:49:03
 I2C0_mux1_ch0_48 29.999999999999982 Payload 03/28/2016 01:49:03
 I2C0_mux1_ch0_1D (1445, 1700, 25.0) Payload 03/28/2016 01:49:05
 I2C0_mux1_ch0_48 30.19999999999998 Payload 03/28/2016 01:49:05
 I2C0_mux1_ch0_1D (1500, 1765, 25.0) Payload 03/28/2016 01:49:07
 I2C0_mux1_ch0_48 30.39999999999998 Payload 03/28/2016 01:49:07
 I2C0_mux1_ch0_1D (1555, 1830, 25.0) Payload 03/28/2016 01:49:09
 I2C0_mux1_ch0_48 30.59999999999998 Payload 03/28/2016 01:49:09
 I2C0_mux1_ch0_1D (1610, 1895, 25.0) Payload 03/28/2016 01:49:11
 I2C0_mux1_ch0_48 30.79999999999998 Payload 03/28/2016 01:49:11
 I2C0_mux1_ch0_1D (1665, 1960, 25.0) Payload 03/28/2016 01:49:13
 I2C0_mux1_ch0_48 30.99999999999998 Payload 03/28/2016 01:49:13
 I2C0_mux1_ch0_1D (1720, 2025, 25.0) Payload 03/28/2016 01:49:15
 I2C0_mux1_ch0_48 31.199999999999978 Payload 03/28/2016 01:49:15
 I2C0_mux1_ch0_1D (1775, 2090, 25.0) Payload 03/28/2016 01:49:17
 I2C0_mux1_ch0_48 31.399999999999977 Payload 03/28/2016 01:49:17
 I2C0_mux1_ch0_1D (1830, 2155, 25.0) Payload 03/28/2016 01:49:19
 I2C0_mux1_ch0_48 31.599999999999977 Payload 03/28/2016 01:49:19
 I2C0_mux1_ch0_1D (1885, 2220, 25.0) Payload 03/28/2016 01:49:21
 I2C0_mux1_ch0_48 31.799999999999976 Payload 03/28/2016 01:49:21
 I2C0_mux1_ch0_1D (1940, 2285, 25.0) Payload 03/28/2016 01:49:23
 I2C0_mux1_ch0_48 31.999999999999975 Payload 03/28/2016 01:49:23
 I2C0_mux1_ch0_1D (1995, 2350, 25.0) Payload 03/28/2016 01:49:25
 I2C0_mux1_ch0_48 32.199999999999974 Payload 03/28/2016 01:49:25
 I2C0_mux1_ch0_1D (2050, 2415, 25.0) Payload 03/28/2016 01:49:27
 I2C0_mux1_ch0_48 32.39999999999998 Payload 03/28/2016 01:49:27
 I2C0_mux1_ch0_1D (2105, 2480, 25.0) Payload 03/28/2016 01:49:29
 I2C0_mux1_ch0_48 32.59999999999998 Payload 03/28/2016 01:49:29
 I2C0_mux1_ch0_1D (2160, 2545, 25.0) Payload 03/28/2016 01:49:31
 I2C0_mux1_ch0_48 32.79999999999998 Payload 03/28/2016 01:49:31
 I2C0_mux1_ch0_1D (2215, 2610, 25.0) Payload 03/28/2016 01:49:33
 I2C0_mux1_ch0_48 32.999999999999986 Payload 03/28/2016 01:49:33
 I2C0_mux1_ch0_1D (2270, 2675, 25.0) Payload 03/28/2016 01:49:35
 I2C0_mux1_ch0_48 33.19999999999999 Payload 03/28/2016 01:49:35
 I2C0_mux1_ch0_1D (2325, 2740, 25.0) Payload 03/28/2016 01:49:37
 I2C0_mux1_ch0_48 33.39999999999999 Payload 03/28/2016 01:49:37
 I2C0_mux1_ch0_1D (2380, 2805, 25.0) Payload 03/28/2016 01:49:39
 I2C0_mux1_ch0_48 33.599999999999994 Payload 03/28/2016 01:49:39
 I2C0_mux1_ch0_1D (2435, 2870, 25.0) Payload 03/28/2016 01:49:41
 I2C0_mux1_ch0_48 33.8 Payload 03/28/2016 01:49:41
 I2C0_mux1_ch0_1D (2490, 2935, 25.0) Payload 03/28/2016 01:49:43
 I2C0_mux1_ch0_48 34.0 Payload 03/28/2016 01:49:43
 I2C0_mux1_ch0_1D (2545, 3000, 25.0) Payload 03/28/2016 01:49:45
 I2C0_mux1_ch0_48 34.2 Payload 03/28/2016 01:49:45
 I2C0_mux1_ch0_1D (2600, 3065, 25.0) Payload 03/28/2016 01:49:47
 I2C0_mux1_ch0_48 34.400000000000006 Payload 03/28/2016 01:49:47
 I2C0_mux1_ch0_1D (2655, 3130, 25.0) Payload 03/28/2016 01:49:49
 I2C0_mux1_ch0_48 34.60000000000001 Payload 03/28/2016 01:49:49
 I2C0_mux1_ch0_1D (2710, 3195, 25.0) Payload 03/28/2016 01:49:51
 I2C0_mux1_ch0_48 34.80000000000001 Payload 03/28/2016 01:49:51
 I2C0_mux1_ch0_1D (2765, 3260, 25.0) Payload 03/28/2016 01:49:53
 I2C0_mux1_ch0_48 35.000000000000014 Payload 03/28/2016 01:49:53
 I2C0_mux1_ch0_1D (2820, 3325, 25.0) Payload 03/28/2016 01:49:55
 I2C0_mux1_ch0_48 35.20000000000002 Payload 03/28/2016 01:49:55
 I2C0_mux1_ch0_1D (2875, 3390, 25.0) Payload 03/28/2016 01:49:57
 I2C0_mux1_ch0_48 35.40000000000002 Payload 03/28/2016 01:49:57
 I2C0_mux1_ch0_1D (2930, 3455, 25.0) Payload 03/28/2016 01:49:59
 I2C0_mux1_ch0_48 35.60000000000002 Payload 03/28/2016 01:49:59
 I2C0_mux1_ch0_1D (2985, 3520, 25.0) Payload 03/28/2016 01:50:01
 I2C0_mux1_ch0_48 35.800000000000026 Payload 03/28/2016 01:50:01
 I2C0_mux1_ch0_1D (3040, 3585, 25.0) Payload 03/28/2016 01:50:03
 I2C0_mux1_ch0_48 36.00000000000003 Payload 03/28/2016 01:50:03
 I2C0_mux1_ch0_1D (3095, 3650, 25.0) Payload 03/28/2016 01:50:05
 I2C0_mux1_ch0_48 36.20000000000003 Payload 03/28/2016 01:50:05
 I2C0_mux1_ch0_1D (3150, 3715, 25.0) Payload 03/28/2016 01:50:07
 I2C0_mux1_ch0_48 36.400000000000034 Payload 03/28/2016 01:50:07
 I2C0_mux1_ch0_1D (3205, 3780, 25.0) Payload 03/28/2016 01:50:09
 I2C0_mux1_ch0_48 36.60000000000004 Payload 03/28/2016 01:50:09
 I2C0_mux1_ch0_1D (3260, 3845, 25.0) Payload 03/28/2016 01:50:11
 I2C0_mux1_ch0_48 36.80000000000004 Payload 03/28/2016 01:50:11
 I2C0_mux1_ch0_1D (3315, 3910, 25.0) Payload 03/28/2016 01:50:13
 I2C0_mux1_ch0_48 37.00000000000004 Payload 03/28/2016 01:50:13
 I2C0_mux1_ch0_1D (3370, 3975, 25.0) Payload 03/28/2016 01:50:15
 I2C0_mux1_ch0_48 37.200000000000045 Payload 03/28/2016 01:50:15
 I2C0_mux1_ch0_1D (3425, 4040, 25.0) Payload 03/28/2016 01:50:17
 I2C0_mux1_ch0_48 37.40000000000005 Payload 03/28/2016 01:50:17
 I2C0_mux1_ch0_1D (3480, 4105, 25.0) Payload 03/28/2016 01:50:19
 I2C0_mux1_ch0_48 37.60000000000005 Payload 03/28/2016 01:50:19
 I2C0_mux1_ch0_1D (3535, 4170, 25.0) Payload 03/28/2016 01:50:21
 I2C0_mux1_ch0_48 37.800000000000054 Payload 03/28/2016 01:50:21
 I2C0_mux1_ch0_1D (3590, 4235, 25.0) Payload 03/28/2016 01:50:23
 I2C0_mux1_ch0_48 38.00000000000006 Payload 03/28/2016 01:50:23
 I2C0_mux1_ch0_1D (3645, 4300, 25.0) Payload 03/28/2016 01:50:25
 I2C0_mux1_ch0_48 38.20000000000006 Payload 03/28/2016 01:50:25
 I2C0_mux1_ch0_1D (3700, 4365, 25.0) Payload 03/28/2016 01:50:27
 I2C0_mux1_ch0_48 38.40000000000006 Payload 03/28/2016 01:50:27
 I2C0_mux1_ch0_1D (3755, 4430, 25.0) Payload 03/28/2016 01:50:29
 I2C0_mux1_ch0_48 38.600000000000065 Payload 03/28/2016 01:50:29
 I2C0_mux1_ch0_1D (3810, 4495, 25.0) Payload 03/28/2016 01:50:31
 I2C0_mux1_ch0_48 38.80000000000007 Payload 03/28/2016 01:50:31
 I2C0_mux1_ch0_1D (3865, 4560, 25.0) Payload 03/28/2016 01:50:33
 I2C0_mux1_ch0_48 39.00000000000007 Payload 03/28/2016 01:50:33
 I2C0_mux1_ch0_1D (3920, 4625, 25.0) Payload 03/28/2016 01:50:35
 I2C0_mux1_ch0_48 39.200000000000074 Payload 03/28/2016 01:50:35
 I2C0_mux1_ch0_1D (3975, 4690, 25.0) Payload 03/28/2016 01:50:37
 I2C0_mux1_ch0_48 39.40000000000008 Payload 03/28/2016 01:50:37
 I2C0_mux1_ch0_1D (4030, 4755, 25.0) Payload 03/28/2016 01:50:39
 I2C0_mux1_ch0_48 39.60000000000008 Payload 03/28/2016 01:50:39
 I2C0_mux1_ch0_1D (4085, 4820, 25.0) Payload 03/28/2016 01:50:41
 I2C0_mux1_ch0_48 39.80000000000008 Payload 03/28/2016 01:50:41
 I2C0_mux1_ch0_1D (4140, 4885, 25.0) Payload 03/28/2016 01:50:43
 I2C0_mux1_ch0_48 40.000000000000085 Payload 03/28/2016 01:50:43
 Power (3868, 240, 920000) Power 03/30/2016 00:12:08
 I2C0_mux1_ch1_48 26.375 payload 03/30/2016 00:12:08
 I2C0_mux0_ch1_1E (-43, 273, -262) acs 03/30/2016 00:12:08
 I2C0_mux0_ch2_1E (-151, 191, -273) acs 03/30/2016 00:12:09
 I2C0_mux0_ch4_4c 29.0 Power 03/30/2016 00:12:09
 I2C0_mux0_ch3_1E (-71, 216, -156) acs 03/30/2016 00:12:10
 Power (3864, 240, 920000) Power 03/30/2016 00:12:10
 I2C0_mux1_ch1_48 26.375 payload 03/30/2016 00:12:11
 I2C0_mux0_ch1_1E (-43, 273, -262) acs 03/30/2016 00:12:13
 I2C0_mux0_ch2_1E (-151, 191, -273) acs 03/30/2016 00:12:13
 I2C0_mux0_ch4_4c 28.9375 Power 03/30/2016 00:12:14
 I2C0_mux0_ch3_1E (-71, 216, -156) acs 03/30/2016 00:12:14
 Power (3864, 250, 1020000) Power 03/30/2016 00:12:15
 I2C0_mux1_ch1_48 26.375 payload 03/30/2016 00:12:15
 I2C0_mux0_ch1_1E (-43, 273, -262) acs 03/30/2016 00:12:16
 I2C0_mux0_ch2_1E (-151, 191, -273) acs 03/30/2016 00:12:17
 I2C0_mux0_ch4_4c 28.9375 Power 03/30/2016 00:12:18
 I2C0_mux0_ch3_1E (-71, 216, -156) acs 03/30/2016 00:12:19
 Power (3864, 230, 880000) Power 03/30/2016 00:12:19
 I2C0_mux1_ch1_48 26.3125 payload 03/30/2016 00:12:21
 I2C0_mux0_ch1_1E (-43, 273, -262) acs 03/30/2016 00:12:22
 I2C0_mux0_ch2_1E (-151, 191, -273) acs 03/30/2016 00:12:22
 I2C0_mux0_ch4_4c 28.9375 Power 03/30/2016 00:12:23
 I2C0_mux0_ch3_1E (-71, 216, -156) acs 03/30/2016 00:12:23
 Power (3864, 250, 980000) Power 03/30/2016 00:12:24
 I2C0_mux1_ch1_48 26.25 payload 03/30/2016 00:12:25
 I2C0_mux0_ch1_1E (-43, 273, -262) acs 03/30/2016 00:12:25
 I2C0_mux0_ch2_1E (-151, 191, -273) acs 03/30/2016 00:12:26
 I2C0_mux0_ch4_4c 29.0 Power 03/30/2016 00:12:26
 I2C0_mux0_ch3_1E (-71, 216, -156) acs 03/30/2016 00:12:27
 Power (3864, 250, 960000) Power 03/30/2016 00:13:10
 I2C0_mux0_ch1_1E (-40, 268, -275) acs 03/30/2016 00:13:11
 I2C0_mux1_ch1_48 25.875 payload 03/30/2016 00:13:11
 I2C0_mux0_ch4_4c 28.8125 Power 03/30/2016 00:13:12
 I2C0_mux0_ch3_1E (-72, 221, -149) acs 03/30/2016 00:13:13
 I2C0_mux0_ch2_1E (-154, 188, -273) acs 03/30/2016 00:13:14
 Power (3864, 220, 860000) Power 03/30/2016 00:13:14
 I2C0_mux0_ch1_1E (-40, 268, -275) acs 03/30/2016 00:13:15
 I2C0_mux1_ch1_48 25.9375 payload 03/30/2016 00:13:16
 I2C0_mux0_ch4_4c 28.875 Power 03/30/2016 00:13:16
 I2C0_mux0_ch3_1E (-72, 221, -149) acs 03/30/2016 00:13:17
 I2C0_mux0_ch2_1E (-154, 188, -273) acs 03/30/2016 00:13:17
 Power (3868, 255, 960000) Power 03/30/2016 00:13:18
 I2C0_mux0_ch1_1E (-40, 268, -275) acs 03/30/2016 00:13:19
 I2C0_mux1_ch1_48 26.0 payload 03/30/2016 00:13:20
 I2C0_mux0_ch4_4c 28.875 Power 03/30/2016 00:13:20
 I2C0_mux0_ch3_1E (-72, 221, -149) acs 03/30/2016 00:13:21
 I2C0_mux0_ch2_1E (-154, 188, -273) acs 03/30/2016 00:13:22
 Power (3864, 280, 1080000) Power 03/30/2016 00:13:22
 I2C0_mux0_ch1_1E (-40, 268, -275) acs 03/30/2016 00:13:23
 I2C0_mux1_ch1_48 25.9375 payload 03/30/2016 00:13:23
 I2C0_mux0_ch4_4c 28.875 Power 03/30/2016 00:13:24
 I2C0_mux0_ch3_1E (-72, 221, -149) acs 03/30/2016 00:13:25
 I2C0_mux0_ch2_1E (-154, 188, -273) acs 03/30/2016 00:13:26
 Power (3864, 255, 980000) Power 03/30/2016 00:13:27
 I2C0_mux0_ch1_1E (-40, 268, -275) acs 03/30/2016 00:13:28
 I2C0_mux1_ch1_48 25.9375 payload 03/30/2016 00:13:28
 I2C0_mux0_ch4_4c 28.875 Power 03/30/2016 00:13:29
 I2C0_mux0_ch3_1E (-72, 221, -149) acs 03/30/2016 00:13:29
 I2C0_mux0_ch2_1E (-154, 188, -273) acs 03/30/2016 00:13:30
 Power (3868, 260, 1020000) Power 03/30/2016 00:14:11
 I2C0_mux0_ch4_4c 28.875 Power 03/30/2016 00:14:11
 I2C0_mux0_ch2_1E (-155, 184, -272) acs 03/30/2016 00:14:12
 I2C0_mux1_ch1_48 25.75 payload 03/30/2016 00:14:12
 I2C0_mux0_ch1_1E (-45, 271, -272) acs 03/30/2016 00:14:13
 I2C0_mux0_ch3_1E (-78, 227, -141) acs 03/30/2016 00:14:14
 Power (3864, 260, 1020000) Power 03/30/2016 00:14:14
 I2C0_mux0_ch4_4c 28.875 Power 03/30/2016 00:14:14
 I2C0_mux0_ch2_1E (-155, 184, -272) acs 03/30/2016 00:14:15
 I2C0_mux1_ch1_48 25.875 payload 03/30/2016 00:14:15
 I2C0_mux0_ch1_1E (-45, 271, -272) acs 03/30/2016 00:14:16
 I2C0_mux0_ch3_1E (-78, 227, -141) acs 03/30/2016 00:14:17
 Power (3864, 210, 820000) Power 03/30/2016 00:14:17
 I2C0_mux0_ch4_4c 28.9375 Power 03/30/2016 00:14:17
 I2C0_mux0_ch2_1E (-155, 184, -272) acs 03/30/2016 00:14:18
 I2C0_mux1_ch1_48 25.875 payload 03/30/2016 00:14:19
 I2C0_mux0_ch1_1E (-45, 271, -272) acs 03/30/2016 00:14:19
 I2C0_mux0_ch3_1E (-78, 227, -141) acs 03/30/2016 00:14:20
 Power (3864, 235, 920000) Power 03/30/2016 00:14:20
 I2C0_mux0_ch4_4c 29.0 Power 03/30/2016 00:14:21
 I2C0_mux0_ch2_1E (-155, 184, -272) acs 03/30/2016 00:14:21
 I2C0_mux1_ch1_48 25.875 payload 03/30/2016 00:14:22
 I2C0_mux0_ch1_1E (-45, 271, -272) acs 03/30/2016 00:14:23
 I2C0_mux0_ch3_1E (-78, 227, -141) acs 03/30/2016 00:14:23
 Power (3864, 255, 920000) Power 03/30/2016 00:14:24
 I2C0_mux0_ch4_4c 29.0 Power 03/30/2016 00:14:24
 I2C0_mux0_ch2_1E (-155, 184, -272) acs 03/30/2016 00:14:25
 I2C0_mux1_ch1_48 25.875 payload 03/30/2016 00:14:25
 I2C0_mux0_ch1_1E (-45, 271, -272) acs 03/30/2016 00:14:26
 I2C0_mux0_ch3_1E (-78, 227, -141) acs 03/30/2016 00:14:27
 I2C0_mux0_ch3_1E (-72, 216, -147) acs 03/30/2016 00:15:10
 I2C0_mux1_ch1_48 25.75 payload 03/30/2016 00:15:10
 I2C0_mux0_ch4_4c 28.875 Power 03/30/2016 00:15:11
 I2C0_mux0_ch1_1E (-41, 272, -275) acs 03/30/2016 00:15:11
 I2C0_mux0_ch2_1E (-154, 193, -273) acs 03/30/2016 00:15:12
 Power (3864, 245, 960000) Power 03/30/2016 00:15:12
 I2C0_mux0_ch3_1E (-72, 216, -147) acs 03/30/2016 00:15:13
 I2C0_mux1_ch1_48 25.75 payload 03/30/2016 00:15:14
 I2C0_mux0_ch4_4c 28.875 Power 03/30/2016 00:15:14
 I2C0_mux0_ch1_1E (-41, 272, -275) acs 03/30/2016 00:15:14
 I2C0_mux0_ch2_1E (-154, 193, -273) acs 03/30/2016 00:15:15
 Power (3864, 270, 960000) Power 03/30/2016 00:15:16
 I2C0_mux0_ch3_1E (-72, 216, -147) acs 03/30/2016 00:15:16
 I2C0_mux1_ch1_48 25.8125 payload 03/30/2016 00:15:17
 I2C0_mux0_ch4_4c 28.9375 Power 03/30/2016 00:15:17
 I2C0_mux0_ch1_1E (-41, 272, -275) acs 03/30/2016 00:15:18
 I2C0_mux0_ch2_1E (-154, 193, -273) acs 03/30/2016 00:15:19
 Power (3864, 235, 960000) Power 03/30/2016 00:15:21
 I2C0_mux0_ch3_1E (-72, 216, -147) acs 03/30/2016 00:15:21
 I2C0_mux1_ch1_48 25.8125 payload 03/30/2016 00:15:22
 I2C0_mux0_ch4_4c 28.9375 Power 03/30/2016 00:15:22
 I2C0_mux0_ch1_1E (-41, 272, -275) acs 03/30/2016 00:15:23
 I2C0_mux0_ch2_1E (-154, 193, -273) acs 03/30/2016 00:15:23
 Power (3864, 250, 880000) Power 03/30/2016 00:15:24
 I2C0_mux0_ch3_1E (-72, 216, -147) acs 03/30/2016 00:15:25
 I2C0_mux1_ch1_48 25.8125 payload 03/30/2016 00:15:25
 I2C0_mux0_ch4_4c 28.9375 Power 03/30/2016 00:15:26
 I2C0_mux0_ch1_1E (-41, 272, -275) acs 03/30/2016 00:15:27
 I2C0_mux0_ch2_1E (-154, 193, -273) acs 03/30/2016 00:15:28
 Power (3864, 250, 960000) Power 03/30/2016 00:15:28
 I2C0_mux0_ch1_1E (-46, 271, -264) acs 03/30/2016 00:16:14
 I2C0_mux0_ch3_1E (-73, 225, -139) acs 03/30/2016 00:16:15
 I2C0_mux0_ch4_4c 28.875 Power 03/30/2016 00:16:15
 Power (3864, 245, 960000) Power 03/30/2016 00:16:16
 I2C0_mux1_ch1_48 25.75 payload 03/30/2016 00:16:17
 I2C0_mux0_ch2_1E (-156, 191, -273) acs 03/30/2016 00:16:17
 I2C0_mux0_ch1_1E (-46, 271, -264) acs 03/30/2016 00:16:18
 I2C0_mux0_ch3_1E (-73, 225, -139) acs 03/30/2016 00:16:19
 I2C0_mux0_ch4_4c 28.875 Power 03/30/2016 00:16:19
 Power (3864, 250, 960000) Power 03/30/2016 00:16:21
 I2C0_mux1_ch1_48 25.75 payload 03/30/2016 00:16:22
 I2C0_mux0_ch2_1E (-156, 191, -273) acs 03/30/2016 00:16:23
 I2C0_mux0_ch1_1E (-46, 271, -264) acs 03/30/2016 00:16:24
 I2C0_mux0_ch3_1E (-73, 225, -139) acs 03/30/2016 00:16:24
 I2C0_mux0_ch4_4c 28.875 Power 03/30/2016 00:16:25
 Power (3864, 255, 980000) Power 03/30/2016 00:16:26
 I2C0_mux1_ch1_48 25.8125 payload 03/30/2016 00:16:26
 I2C0_mux0_ch2_1E (-156, 191, -273) acs 03/30/2016 00:16:27
 I2C0_mux0_ch1_1E (-46, 271, -264) acs 03/30/2016 00:16:28
 I2C0_mux0_ch3_1E (-73, 225, -139) acs 03/30/2016 00:16:29
 I2C0_mux0_ch4_4c 28.875 Power 03/30/2016 00:16:29
 Power (3864, 235, 920000) Power 03/30/2016 00:16:29
 I2C0_mux1_ch1_48 25.8125 payload 03/30/2016 00:16:30
 I2C0_mux0_ch2_1E (-156, 191, -273) acs 03/30/2016 00:16:31
 I2C0_mux0_ch1_1E (-46, 271, -264) acs 03/30/2016 00:16:31
 I2C0_mux0_ch3_1E (-73, 225, -139) acs 03/30/2016 00:16:32
 I2C0_mux0_ch4_4c 28.9375 Power 03/30/2016 00:16:32
 Power (3864, 255, 980000) Power 03/30/2016 00:16:33
 I2C0_mux1_ch1_48 25.8125 payload 03/30/2016 00:16:33
 I2C0_mux0_ch2_1E (-156, 191, -273) acs 03/30/2016 00:16:34
 I2C0_mux0_ch3_1E (-76, 222, -144) acs 03/30/2016 00:17:10
 I2C0_mux0_ch4_4c 28.875 Power 03/30/2016 00:17:11
 Power (3864, 245, 960000) Power 03/30/2016 00:17:11
 I2C0_mux0_ch1_1E (-48, 278, -260) acs 03/30/2016 00:17:12
 I2C0_mux0_ch2_1E (-155, 196, -266) acs 03/30/2016 00:17:12
 I2C0_mux1_ch1_48 25.75 payload 03/30/2016 00:17:13
 I2C0_mux0_ch3_1E (-76, 222, -144) acs 03/30/2016 00:17:14
 I2C0_mux0_ch4_4c 28.9375 Power 03/30/2016 00:17:14
 Power (3864, 260, 960000) Power 03/30/2016 00:17:15
 I2C0_mux0_ch1_1E (-48, 278, -260) acs 03/30/2016 00:17:15
 I2C0_mux0_ch2_1E (-155, 196, -266) acs 03/30/2016 00:17:16
 I2C0_mux1_ch1_48 25.75 payload 03/30/2016 00:17:17
 I2C0_mux0_ch3_1E (-76, 222, -144) acs 03/30/2016 00:17:17
 I2C0_mux0_ch4_4c 28.9375 Power 03/30/2016 00:17:18
 Power (3860, 250, 960000) Power 03/30/2016 00:17:18
 I2C0_mux0_ch1_1E (-48, 278, -260) acs 03/30/2016 00:17:19
 I2C0_mux0_ch2_1E (-155, 196, -266) acs 03/30/2016 00:17:20
 I2C0_mux1_ch1_48 25.75 payload 03/30/2016 00:17:20
 I2C0_mux0_ch3_1E (-76, 222, -144) acs 03/30/2016 00:17:21
 I2C0_mux0_ch4_4c 28.9375 Power 03/30/2016 00:17:22
 Power (3864, 230, 880000) Power 03/30/2016 00:17:23
 I2C0_mux0_ch1_1E (-48, 278, -260) acs 03/30/2016 00:17:23
 I2C0_mux0_ch2_1E (-155, 196, -266) acs 03/30/2016 00:17:24
 I2C0_mux1_ch1_48 25.8125 payload 03/30/2016 00:17:24
 I2C0_mux0_ch3_1E (-76, 222, -144) acs 03/30/2016 00:17:25
 I2C0_mux0_ch4_4c 29.0 Power 03/30/2016 00:17:25
 Power (3864, 245, 880000) Power 03/30/2016 00:17:26
 I2C0_mux0_ch1_1E (-48, 278, -260) acs 03/30/2016 00:17:26
 I2C0_mux0_ch2_1E (-155, 196, -266) acs 03/30/2016 00:17:27
 I2C0_mux1_ch1_48 25.8125 payload 03/30/2016 00:17:28
 I2C0_mux0_ch3_1E (-77, 223, -147) acs 03/30/2016 00:18:08
 I2C0_mux0_ch4_4c 28.9375 Power 03/30/2016 00:18:08
 I2C0_mux0_ch2_1E (-154, 188, -275) acs 03/30/2016 00:18:09
 I2C0_mux1_ch1_48 25.75 payload 03/30/2016 00:18:09
 Power (3868, 255, 960000) Power 03/30/2016 00:18:10
 I2C0_mux0_ch1_1E (-47, 270, -273) acs 03/30/2016 00:18:10
 I2C0_mux0_ch3_1E (-77, 223, -147) acs 03/30/2016 00:18:11
 I2C0_mux0_ch4_4c 29.0 Power 03/30/2016 00:18:11
 I2C0_mux0_ch2_1E (-154, 188, -275) acs 03/30/2016 00:18:12
 I2C0_mux1_ch1_48 25.8125 payload 03/30/2016 00:18:12
 Power (3860, 240, 920000) Power 03/30/2016 00:18:13
 I2C0_mux0_ch1_1E (-47, 270, -273) acs 03/30/2016 00:18:15
 I2C0_mux0_ch3_1E (-77, 223, -147) acs 03/30/2016 00:18:17
 I2C0_mux0_ch4_4c 29.0 Power 03/30/2016 00:18:18
 I2C0_mux0_ch2_1E (-154, 188, -275) acs 03/30/2016 00:18:19
 I2C0_mux1_ch1_48 25.875 payload 03/30/2016 00:18:20
 Power (3864, 235, 920000) Power 03/30/2016 00:18:20
 I2C0_mux0_ch1_1E (-47, 270, -273) acs 03/30/2016 00:18:21
 I2C0_mux0_ch3_1E (-77, 223, -147) acs 03/30/2016 00:18:22
 I2C0_mux0_ch4_4c 29.0 Power 03/30/2016 00:18:22
 I2C0_mux0_ch2_1E (-154, 188, -275) acs 03/30/2016 00:18:23
 I2C0_mux1_ch1_48 25.875 payload 03/30/2016 00:18:23
 Power (3864, 250, 960000) Power 03/30/2016 00:18:24
 I2C0_mux0_ch1_1E (-47, 270, -273) acs 03/30/2016 00:18:25
 I2C0_mux0_ch3_1E (-77, 223, -147) acs 03/30/2016 00:18:26
 I2C0_mux0_ch4_4c 29.0 Power 03/30/2016 00:18:26
 I2C0_mux0_ch2_1E (-154, 188, -275) acs 03/30/2016 00:18:27
 I2C0_mux1_ch1_48 25.875 payload 03/30/2016 00:18:27
 Power (3864, 235, 920000) Power 03/30/2016 00:18:28
 I2C0_mux0_ch1_1E (-47, 270, -273) acs 03/30/2016 00:18:28
 I2C0_mux0_ch1_1E (-42, 270, -273) acs 03/30/2016 00:19:08
 I2C0_mux0_ch4_4c 28.875 Power 03/30/2016 00:19:09
 Power (3864, 240, 920000) Power 03/30/2016 00:19:09
 I2C0_mux0_ch3_1E (-74, 226, -146) acs 03/30/2016 00:19:10
 I2C0_mux1_ch1_48 25.75 payload 03/30/2016 00:19:10
 I2C0_mux0_ch2_1E (-152, 189, -275) acs 03/30/2016 00:19:11
 I2C0_mux0_ch1_1E (-42, 270, -273) acs 03/30/2016 00:19:12
 I2C0_mux0_ch4_4c 28.9375 Power 03/30/2016 00:19:12
 Power (3860, 250, 1020000) Power 03/30/2016 00:19:13
 I2C0_mux0_ch3_1E (-74, 226, -146) acs 03/30/2016 00:19:13
 I2C0_mux1_ch1_48 25.875 payload 03/30/2016 00:19:14
 I2C0_mux0_ch2_1E (-152, 189, -275) acs 03/30/2016 00:19:16
 I2C0_mux0_ch1_1E (-42, 270, -273) acs 03/30/2016 00:19:16
 I2C0_mux0_ch4_4c 29.0 Power 03/30/2016 00:19:17
 Power (3860, 225, 880000) Power 03/30/2016 00:19:17
 I2C0_mux0_ch3_1E (-74, 226, -146) acs 03/30/2016 00:19:18
 I2C0_mux1_ch1_48 25.875 payload 03/30/2016 00:19:18
 I2C0_mux0_ch2_1E (-152, 189, -275) acs 03/30/2016 00:19:19
 I2C0_mux0_ch1_1E (-42, 270, -273) acs 03/30/2016 00:19:20
 I2C0_mux0_ch4_4c 29.0 Power 03/30/2016 00:19:20
 Power (3860, 235, 920000) Power 03/30/2016 00:19:20
 I2C0_mux0_ch3_1E (-74, 226, -146) acs 03/30/2016 00:19:21
 I2C0_mux1_ch1_48 25.875 payload 03/30/2016 00:19:22
 I2C0_mux0_ch2_1E (-152, 189, -275) acs 03/30/2016 00:19:22
 I2C0_mux0_ch1_1E (-42, 270, -273) acs 03/30/2016 00:19:23
 I2C0_mux0_ch4_4c 29.0 Power 03/30/2016 00:19:24
 Power (3864, 250, 960000) Power 03/30/2016 00:19:29
 I2C0_mux0_ch3_1E (-74, 226, -146) acs 03/30/2016 00:19:30
 I2C0_mux1_ch1_48 25.875 payload 03/30/2016 00:19:30
 I2C0_mux0_ch2_1E (-152, 189, -275) acs 03/30/2016 00:19:31
 I2C0_mux0_ch2_1E (-154, 194, -270) acs 03/30/2016 00:20:13
 I2C0_mux0_ch1_1E (-43, 272, -267) acs 03/30/2016 00:20:14
 I2C0_mux1_ch1_48 25.75 payload 03/30/2016 00:20:14
 I2C0_mux0_ch3_1E (-76, 219, -144) acs 03/30/2016 00:20:15
 I2C0_mux0_ch4_4c 29.0 Power 03/30/2016 00:20:15
 Power (3864, 235, 920000) Power 03/30/2016 00:20:16
 I2C0_mux0_ch2_1E (-154, 194, -270) acs 03/30/2016 00:20:16
 I2C0_mux0_ch1_1E (-43, 272, -267) acs 03/30/2016 00:20:17
 I2C0_mux1_ch1_48 25.875 payload 03/30/2016 00:20:18
 I2C0_mux0_ch3_1E (-76, 219, -144) acs 03/30/2016 00:20:18
 I2C0_mux0_ch4_4c 29.0625 Power 03/30/2016 00:20:19
 Power (3864, 230, 860000) Power 03/30/2016 00:20:20
 I2C0_mux0_ch2_1E (-154, 194, -270) acs 03/30/2016 00:20:20
 I2C0_mux0_ch1_1E (-43, 272, -267) acs 03/30/2016 00:20:21
 I2C0_mux1_ch1_48 25.875 payload 03/30/2016 00:20:21
 I2C0_mux0_ch3_1E (-76, 219, -144) acs 03/30/2016 00:20:22
 I2C0_mux0_ch4_4c 29.125 Power 03/30/2016 00:20:23
 Power (3864, 235, 920000) Power 03/30/2016 00:20:24
 I2C0_mux0_ch2_1E (-154, 194, -270) acs 03/30/2016 00:20:25
 I2C0_mux0_ch1_1E (-43, 272, -267) acs 03/30/2016 00:20:25
 I2C0_mux1_ch1_48 25.875 payload 03/30/2016 00:20:26
 I2C0_mux0_ch3_1E (-76, 219, -144) acs 03/30/2016 00:20:26
 I2C0_mux0_ch4_4c 29.125 Power 03/30/2016 00:20:27
 Power (3860, 250, 960000) Power 03/30/2016 00:20:27
 I2C0_mux0_ch2_1E (-154, 194, -270) acs 03/30/2016 00:20:28
 I2C0_mux0_ch1_1E (-43, 272, -267) acs 03/30/2016 00:20:29
 I2C0_mux1_ch1_48 25.875 payload 03/30/2016 00:20:29
 I2C0_mux0_ch3_1E (-76, 219, -144) acs 03/30/2016 00:20:30
 I2C0_mux0_ch4_4c 29.125 Power 03/30/2016 00:20:30
 Power (3864, 240, 920000) Power 03/30/2016 00:20:31
 I2C0_mux0_ch4_4c 29.0625 Power 03/30/2016 00:21:09
 I2C0_mux0_ch3_1E (-76, 222, -149) acs 03/30/2016 00:21:10
 I2C0_mux1_ch1_48 25.75 payload 03/30/2016 00:21:10
 I2C0_mux0_ch2_1E (-157, 202, -257) acs 03/30/2016 00:21:11
 Power (3860, 255, 980000) Power 03/30/2016 00:21:11
 I2C0_mux0_ch1_1E (-46, 278, -263) acs 03/30/2016 00:21:12
 I2C0_mux0_ch4_4c 29.125 Power 03/30/2016 00:21:13
 I2C0_mux0_ch3_1E (-76, 222, -149) acs 03/30/2016 00:21:13
 I2C0_mux1_ch1_48 25.8125 payload 03/30/2016 00:21:14
 I2C0_mux0_ch2_1E (-157, 202, -257) acs 03/30/2016 00:21:14
 Power (3864, 260, 1020000) Power 03/30/2016 00:21:15
 I2C0_mux0_ch1_1E (-46, 278, -263) acs 03/30/2016 00:21:16
 I2C0_mux0_ch4_4c 29.125 Power 03/30/2016 00:21:17
 I2C0_mux0_ch3_1E (-76, 222, -149) acs 03/30/2016 00:21:17
 I2C0_mux1_ch1_48 25.875 payload 03/30/2016 00:21:18
 I2C0_mux0_ch2_1E (-157, 202, -257) acs 03/30/2016 00:21:19
 Power (3864, 240, 920000) Power 03/30/2016 00:21:19
 I2C0_mux0_ch1_1E (-46, 278, -263) acs 03/30/2016 00:21:20
 I2C0_mux0_ch4_4c 29.125 Power 03/30/2016 00:21:20
 I2C0_mux0_ch3_1E (-76, 222, -149) acs 03/30/2016 00:21:21
 I2C0_mux1_ch1_48 25.875 payload 03/30/2016 00:21:22
 I2C0_mux0_ch2_1E (-157, 202, -257) acs 03/30/2016 00:21:23
 Power (3864, 250, 960000) Power 03/30/2016 00:21:23
 I2C0_mux0_ch1_1E (-46, 278, -263) acs 03/30/2016 00:21:24
 I2C0_mux0_ch4_4c 29.125 Power 03/30/2016 00:21:25
 I2C0_mux0_ch3_1E (-76, 222, -149) acs 03/30/2016 00:21:26
 I2C0_mux1_ch1_48 25.875 payload 03/30/2016 00:21:26
 I2C0_mux0_ch2_1E (-157, 202, -257) acs 03/30/2016 00:21:27
 Power (3860, 240, 920000) Power 03/30/2016 00:21:27
 I2C0_mux0_ch1_1E (-46, 278, -263) acs 03/30/2016 00:21:28
 I2C0_mux0_ch4_4c 29.0625 Power 03/30/2016 00:22:11
 I2C0_mux0_ch1_1E (-46, 274, -267) acs 03/30/2016 00:22:11
 I2C0_mux0_ch3_1E (-75, 226, -140) acs 03/30/2016 00:22:12
 I2C0_mux0_ch2_1E (-156, 199, -265) acs 03/30/2016 00:22:13
 Power (3860, 265, 1020000) Power 03/30/2016 00:22:13
 I2C0_mux1_ch1_48 25.6875 payload 03/30/2016 00:22:14
 I2C0_mux0_ch4_4c 29.125 Power 03/30/2016 00:22:14
 I2C0_mux0_ch1_1E (-46, 274, -267) acs 03/30/2016 00:22:15
 I2C0_mux0_ch3_1E (-75, 226, -140) acs 03/30/2016 00:22:16
 I2C0_mux0_ch2_1E (-156, 199, -265) acs 03/30/2016 00:22:16
 Power (3860, 230, 880000) Power 03/30/2016 00:22:17
 I2C0_mux1_ch1_48 25.75 payload 03/30/2016 00:22:17
 I2C0_mux0_ch4_4c 29.125 Power 03/30/2016 00:22:18
 I2C0_mux0_ch1_1E (-46, 274, -267) acs 03/30/2016 00:22:18
 I2C0_mux0_ch3_1E (-75, 226, -140) acs 03/30/2016 00:22:20
 I2C0_mux0_ch2_1E (-156, 199, -265) acs 03/30/2016 00:22:22
 Power (3860, 220, 880000) Power 03/30/2016 00:22:23
 I2C0_mux1_ch1_48 25.75 payload 03/30/2016 00:22:23
 I2C0_mux0_ch4_4c 29.125 Power 03/30/2016 00:22:23
 I2C0_mux0_ch1_1E (-46, 274, -267) acs 03/30/2016 00:22:24
 I2C0_mux0_ch3_1E (-75, 226, -140) acs 03/30/2016 00:22:24
 I2C0_mux0_ch2_1E (-156, 199, -265) acs 03/30/2016 00:22:25
 Power (3864, 230, 880000) Power 03/30/2016 00:22:25
 I2C0_mux1_ch1_48 25.75 payload 03/30/2016 00:22:26
 I2C0_mux0_ch4_4c 29.125 Power 03/30/2016 00:22:26
 I2C0_mux0_ch1_1E (-46, 274, -267) acs 03/30/2016 00:22:26
 I2C0_mux0_ch3_1E (-75, 226, -140) acs 03/30/2016 00:22:27
 I2C0_mux0_ch2_1E (-156, 199, -265) acs 03/30/2016 00:22:28
 Power (3860, 235, 920000) Power 03/30/2016 00:22:28
 I2C0_mux1_ch1_48 25.75 payload 03/30/2016 00:22:28
 I2C0_mux1_ch1_48 25.625 payload 03/30/2016 00:23:07
 I2C0_mux0_ch1_1E (-44, 276, -272) acs 03/30/2016 00:23:08
 I2C0_mux0_ch3_1E (-72, 216, -152) acs 03/30/2016 00:23:08
 I2C0_mux0_ch2_1E (-160, 201, -266) acs 03/30/2016 00:23:09
 Power (3860, 225, 880000) Power 03/30/2016 00:23:09
 I2C0_mux0_ch4_4c 29.0 Power 03/30/2016 00:23:10
 I2C0_mux1_ch1_48 25.6875 payload 03/30/2016 00:23:10
 I2C0_mux0_ch1_1E (-44, 276, -272) acs 03/30/2016 00:23:11
 I2C0_mux0_ch3_1E (-72, 216, -152) acs 03/30/2016 00:23:11
 I2C0_mux0_ch2_1E (-160, 201, -266) acs 03/30/2016 00:23:12
 Power (3860, 225, 880000) Power 03/30/2016 00:23:12
 I2C0_mux0_ch4_4c 29.0625 Power 03/30/2016 00:23:13
 I2C0_mux1_ch1_48 25.6875 payload 03/30/2016 00:23:13
 I2C0_mux0_ch1_1E (-44, 276, -272) acs 03/30/2016 00:23:14
 I2C0_mux0_ch3_1E (-72, 216, -152) acs 03/30/2016 00:23:14
 I2C0_mux0_ch2_1E (-160, 201, -266) acs 03/30/2016 00:23:15
 Power (3864, 225, 880000) Power 03/30/2016 00:23:15
 I2C0_mux0_ch4_4c 29.125 Power 03/30/2016 00:23:16
 I2C0_mux1_ch1_48 25.75 payload 03/30/2016 00:23:16
 I2C0_mux0_ch1_1E (-44, 276, -272) acs 03/30/2016 00:23:17
 I2C0_mux0_ch3_1E (-72, 216, -152) acs 03/30/2016 00:23:17
 I2C0_mux0_ch2_1E (-160, 201, -266) acs 03/30/2016 00:23:18
 Power (3864, 240, 920000) Power 03/30/2016 00:23:18
 I2C0_mux0_ch4_4c 29.125 Power 03/30/2016 00:23:18
 I2C0_mux1_ch1_48 25.75 payload 03/30/2016 00:23:19
 I2C0_mux0_ch1_1E (-44, 276, -272) acs 03/30/2016 00:23:19
 I2C0_mux0_ch3_1E (-72, 216, -152) acs 03/30/2016 00:23:20
 I2C0_mux0_ch2_1E (-160, 201, -266) acs 03/30/2016 00:23:20
 Power (3860, 235, 880000) Power 03/30/2016 00:23:21
 I2C0_mux0_ch4_4c 29.125 Power 03/30/2016 00:23:21
 I2C0_mux0_ch2_1E (-153, 198, -266) acs 03/30/2016 00:24:06
 I2C0_mux1_ch1_48 25.5625 payload 03/30/2016 00:24:06
 I2C0_mux0_ch3_1E (-73, 226, -154) acs 03/30/2016 00:24:07
 I2C0_mux0_ch4_4c 29.0625 Power 03/30/2016 00:24:07
 I2C0_mux0_ch1_1E (-43, 272, -274) acs 03/30/2016 00:24:08
 Power (3860, 230, 880000) Power 03/30/2016 00:24:08
 I2C0_mux0_ch2_1E (-153, 198, -266) acs 03/30/2016 00:24:09
 I2C0_mux1_ch1_48 25.625 payload 03/30/2016 00:24:09
 I2C0_mux0_ch3_1E (-73, 226, -154) acs 03/30/2016 00:24:09
 I2C0_mux0_ch4_4c 29.125 Power 03/30/2016 00:24:10
 I2C0_mux0_ch1_1E (-43, 272, -274) acs 03/30/2016 00:24:10
 Power (3860, 250, 960000) Power 03/30/2016 00:24:11
 I2C0_mux0_ch2_1E (-153, 198, -266) acs 03/30/2016 00:24:11
 I2C0_mux1_ch1_48 25.625 payload 03/30/2016 00:24:15
 I2C0_mux0_ch3_1E (-73, 226, -154) acs 03/30/2016 00:24:15
 I2C0_mux0_ch4_4c 29.125 Power 03/30/2016 00:24:16
 I2C0_mux0_ch1_1E (-43, 272, -274) acs 03/30/2016 00:24:17
 Power (3864, 245, 980000) Power 03/30/2016 00:24:17
 I2C0_mux0_ch2_1E (-153, 198, -266) acs 03/30/2016 00:24:18
 I2C0_mux1_ch1_48 25.625 payload 03/30/2016 00:24:19
 I2C0_mux0_ch3_1E (-73, 226, -154) acs 03/30/2016 00:24:20
 I2C0_mux0_ch4_4c 29.125 Power 03/30/2016 00:24:20
 I2C0_mux0_ch1_1E (-43, 272, -274) acs 03/30/2016 00:24:21
 Power (3860, 230, 960000) Power 03/30/2016 00:24:22
 I2C0_mux0_ch2_1E (-153, 198, -266) acs 03/30/2016 00:24:23
 I2C0_mux1_ch1_48 25.625 payload 03/30/2016 00:24:23
 I2C0_mux0_ch3_1E (-73, 226, -154) acs 03/30/2016 00:24:24
 I2C0_mux0_ch4_4c 29.1875 Power 03/30/2016 00:24:25
 I2C0_mux0_ch1_1E (-43, 272, -274) acs 03/30/2016 00:24:26
 Power (3860, 220, 860000) Power 03/30/2016 00:24:26
 I2C0_mux0_ch1_1E (-47, 275, -266) acs 03/30/2016 00:25:10
 I2C0_mux1_ch1_48 25.5625 payload 03/30/2016 00:25:11
 I2C0_mux0_ch4_4c 29.0 Power 03/30/2016 00:25:12
 I2C0_mux0_ch2_1E (-156, 198, -264) acs 03/30/2016 00:25:12
 Power (3860, 240, 960000) Power 03/30/2016 00:25:13
 I2C0_mux0_ch3_1E (-74, 225, -150) acs 03/30/2016 00:25:13
 I2C0_mux0_ch1_1E (-47, 275, -266) acs 03/30/2016 00:25:14
 I2C0_mux1_ch1_48 25.625 payload 03/30/2016 00:25:15
 I2C0_mux0_ch4_4c 29.125 Power 03/30/2016 00:25:16
 I2C0_mux0_ch2_1E (-156, 198, -264) acs 03/30/2016 00:25:17
 Power (3860, 250, 960000) Power 03/30/2016 00:25:20
 I2C0_mux0_ch3_1E (-74, 225, -150) acs 03/30/2016 00:25:21
 I2C0_mux0_ch1_1E (-47, 275, -266) acs 03/30/2016 00:25:22
 I2C0_mux1_ch1_48 25.625 payload 03/30/2016 00:25:23
 I2C0_mux0_ch4_4c 29.125 Power 03/30/2016 00:25:23
 I2C0_mux0_ch2_1E (-156, 198, -264) acs 03/30/2016 00:25:24
 Power (3860, 260, 1020000) Power 03/30/2016 00:25:24
 I2C0_mux0_ch3_1E (-74, 225, -150) acs 03/30/2016 00:25:25
 I2C0_mux0_ch1_1E (-47, 275, -266) acs 03/30/2016 00:25:26
 I2C0_mux1_ch1_48 25.625 payload 03/30/2016 00:25:26
 I2C0_mux0_ch4_4c 29.125 Power 03/30/2016 00:25:27
 I2C0_mux0_ch2_1E (-156, 198, -264) acs 03/30/2016 00:25:27
 Power (3860, 250, 960000) Power 03/30/2016 00:25:28
 I2C0_mux0_ch3_1E (-74, 225, -150) acs 03/30/2016 00:25:29
 I2C0_mux0_ch1_1E (-47, 275, -266) acs 03/30/2016 00:25:29
 I2C0_mux1_ch1_48 25.625 payload 03/30/2016 00:25:30
 I2C0_mux0_ch4_4c 29.125 Power 03/30/2016 00:25:30
 I2C0_mux0_ch2_1E (-156, 198, -264) acs 03/30/2016 00:25:31
 Power (3864, 240, 920000) Power 03/30/2016 00:25:31
 I2C0_mux0_ch3_1E (-74, 225, -150) acs 03/30/2016 00:25:32
 I2C0_mux0_ch3_1E (-75, 224, -151) acs 03/30/2016 00:26:08
 I2C0_mux0_ch1_1E (-44, 270, -270) acs 03/30/2016 00:26:09
 I2C0_mux0_ch4_4c 29.0 Power 03/30/2016 00:26:09
 Power (3860, 260, 1020000) Power 03/30/2016 00:26:10
 I2C0_mux0_ch2_1E (-156, 198, -268) acs 03/30/2016 00:26:10
 I2C0_mux1_ch1_48 25.5625 payload 03/30/2016 00:26:11
 I2C0_mux0_ch3_1E (-75, 224, -151) acs 03/30/2016 00:26:12
 I2C0_mux0_ch1_1E (-44, 270, -270) acs 03/30/2016 00:26:13
 I2C0_mux0_ch4_4c 29.125 Power 03/30/2016 00:26:13
 Power (3860, 220, 860000) Power 03/30/2016 00:26:14
 I2C0_mux0_ch2_1E (-156, 198, -268) acs 03/30/2016 00:26:14
 I2C0_mux1_ch1_48 25.625 payload 03/30/2016 00:26:15
 I2C0_mux0_ch3_1E (-75, 224, -151) acs 03/30/2016 00:26:15
 I2C0_mux0_ch1_1E (-44, 270, -270) acs 03/30/2016 00:26:16
 I2C0_mux0_ch4_4c 29.125 Power 03/30/2016 00:26:17
 Power (3860, 250, 960000) Power 03/30/2016 00:26:17
 I2C0_mux0_ch2_1E (-156, 198, -268) acs 03/30/2016 00:26:18
 I2C0_mux1_ch1_48 25.625 payload 03/30/2016 00:26:18
 I2C0_mux0_ch3_1E (-75, 224, -151) acs 03/30/2016 00:26:19
 I2C0_mux0_ch1_1E (-44, 270, -270) acs 03/30/2016 00:26:19
 I2C0_mux0_ch4_4c 29.125 Power 03/30/2016 00:26:20
 Power (3860, 215, 820000) Power 03/30/2016 00:26:20
 I2C0_mux0_ch2_1E (-156, 198, -268) acs 03/30/2016 00:26:20
 I2C0_mux1_ch1_48 25.625 payload 03/30/2016 00:26:21
 I2C0_mux0_ch3_1E (-75, 224, -151) acs 03/30/2016 00:26:21
 I2C0_mux0_ch1_1E (-44, 270, -270) acs 03/30/2016 00:26:22
 I2C0_mux0_ch4_4c 29.125 Power 03/30/2016 00:26:22
 Power (3864, 225, 880000) Power 03/30/2016 00:26:23
 I2C0_mux0_ch2_1E (-156, 198, -268) acs 03/30/2016 00:26:23
 I2C0_mux1_ch1_48 25.625 payload 03/30/2016 00:26:24
 I2C0_mux0_ch3_1E (-76, 228, -148) acs 03/30/2016 00:27:09
 I2C0_mux1_ch1_48 25.5 payload 03/30/2016 00:27:09
 I2C0_mux0_ch4_4c 29.0 Power 03/30/2016 00:27:10
 Power (3860, 235, 920000) Power 03/30/2016 00:27:10
 I2C0_mux0_ch2_1E (-154, 194, -269) acs 03/30/2016 00:27:10
 I2C0_mux0_ch1_1E (-44, 274, -268) acs 03/30/2016 00:27:11
 I2C0_mux0_ch3_1E (-76, 228, -148) acs 03/30/2016 00:27:12
 I2C0_mux1_ch1_48 25.625 payload 03/30/2016 00:27:12
 I2C0_mux0_ch4_4c 29.0 Power 03/30/2016 00:27:12
 Power (3860, 235, 880000) Power 03/30/2016 00:27:13
 I2C0_mux0_ch2_1E (-154, 194, -269) acs 03/30/2016 00:27:13
 I2C0_mux0_ch1_1E (-44, 274, -268) acs 03/30/2016 00:27:14
 I2C0_mux0_ch3_1E (-76, 228, -148) acs 03/30/2016 00:27:14
 I2C0_mux1_ch1_48 25.625 payload 03/30/2016 00:27:15
 I2C0_mux0_ch4_4c 29.0625 Power 03/30/2016 00:27:15
 Power (3860, 260, 1020000) Power 03/30/2016 00:27:15
 I2C0_mux0_ch2_1E (-154, 194, -269) acs 03/30/2016 00:27:16
 I2C0_mux0_ch1_1E (-44, 274, -268) acs 03/30/2016 00:27:17
 I2C0_mux0_ch3_1E (-76, 228, -148) acs 03/30/2016 00:27:17
 I2C0_mux1_ch1_48 25.625 payload 03/30/2016 00:27:18
 I2C0_mux0_ch4_4c 29.0625 Power 03/30/2016 00:27:18
 Power (3856, 235, 880000) Power 03/30/2016 00:27:18
 I2C0_mux0_ch2_1E (-154, 194, -269) acs 03/30/2016 00:27:19
 I2C0_mux0_ch1_1E (-44, 274, -268) acs 03/30/2016 00:27:20
 I2C0_mux0_ch3_1E (-76, 228, -148) acs 03/30/2016 00:27:20
 I2C0_mux1_ch1_48 25.625 payload 03/30/2016 00:27:21
 I2C0_mux0_ch4_4c 29.0625 Power 03/30/2016 00:27:21
 Power (3860, 245, 880000) Power 03/30/2016 00:27:21
 I2C0_mux0_ch2_1E (-154, 194, -269) acs 03/30/2016 00:27:22
 I2C0_mux0_ch1_1E (-44, 274, -268) acs 03/30/2016 00:27:23
 I2C0_mux0_ch3_1E (-76, 227, -146) acs 03/30/2016 00:28:08
 I2C0_mux0_ch1_1E (-41, 271, -274) acs 03/30/2016 00:28:09
 I2C0_mux0_ch4_4c 29.0 Power 03/30/2016 00:28:09
 I2C0_mux1_ch1_48 25.5 payload 03/30/2016 00:28:10
 I2C0_mux0_ch2_1E (-156, 194, -270) acs 03/30/2016 00:28:10
 Power (3856, 220, 860000) Power 03/30/2016 00:28:11
 I2C0_mux0_ch3_1E (-76, 227, -146) acs 03/30/2016 00:28:11
 I2C0_mux0_ch1_1E (-41, 271, -274) acs 03/30/2016 00:28:12
 I2C0_mux0_ch4_4c 29.0 Power 03/30/2016 00:28:12
 I2C0_mux1_ch1_48 25.5625 payload 03/30/2016 00:28:12
 I2C0_mux0_ch2_1E (-156, 194, -270) acs 03/30/2016 00:28:13
 Power (3860, 240, 920000) Power 03/30/2016 00:28:13
 I2C0_mux0_ch3_1E (-76, 227, -146) acs 03/30/2016 00:28:14
 I2C0_mux0_ch1_1E (-41, 271, -274) acs 03/30/2016 00:28:14
 I2C0_mux0_ch4_4c 29.0625 Power 03/30/2016 00:28:15
 I2C0_mux1_ch1_48 25.625 payload 03/30/2016 00:28:15
 I2C0_mux0_ch2_1E (-156, 194, -270) acs 03/30/2016 00:28:16
 Power (3860, 220, 860000) Power 03/30/2016 00:28:16
 I2C0_mux0_ch3_1E (-76, 227, -146) acs 03/30/2016 00:28:17
 I2C0_mux0_ch1_1E (-41, 271, -274) acs 03/30/2016 00:28:17
 I2C0_mux0_ch4_4c 29.0625 Power 03/30/2016 00:28:18
 I2C0_mux1_ch1_48 25.625 payload 03/30/2016 00:28:18
 I2C0_mux0_ch2_1E (-156, 194, -270) acs 03/30/2016 00:28:19
 Power (3864, 235, 920000) Power 03/30/2016 00:28:19
 I2C0_mux0_ch3_1E (-76, 227, -146) acs 03/30/2016 00:28:20
 I2C0_mux0_ch1_1E (-41, 271, -274) acs 03/30/2016 00:28:21
 I2C0_mux0_ch4_4c 29.125 Power 03/30/2016 00:28:22
 I2C0_mux1_ch1_48 25.625 payload 03/30/2016 00:28:22
 I2C0_mux0_ch2_1E (-156, 194, -270) acs 03/30/2016 00:28:23
 Power (3860, 235, 960000) Power 03/30/2016 00:28:23
 Power (3856, 235, 920000) Power 03/30/2016 00:29:06
 I2C0_mux0_ch4_4c 29.0 Power 03/30/2016 00:29:07
 I2C0_mux0_ch3_1E (-72, 219, -151) acs 03/30/2016 00:29:07
 I2C0_mux0_ch1_1E (-46, 280, -260) acs 03/30/2016 00:29:08
 I2C0_mux0_ch2_1E (-154, 190, -276) acs 03/30/2016 00:29:08
 I2C0_mux1_ch1_48 25.5 payload 03/30/2016 00:29:09
 Power (3860, 240, 920000) Power 03/30/2016 00:29:09
 I2C0_mux0_ch4_4c 29.0 Power 03/30/2016 00:29:09
 I2C0_mux0_ch3_1E (-72, 219, -151) acs 03/30/2016 00:29:10
 I2C0_mux0_ch1_1E (-46, 280, -260) acs 03/30/2016 00:29:11
 I2C0_mux0_ch2_1E (-154, 190, -276) acs 03/30/2016 00:29:11
 I2C0_mux1_ch1_48 25.5625 payload 03/30/2016 00:29:11
 Power (3860, 250, 960000) Power 03/30/2016 00:29:12
 I2C0_mux0_ch4_4c 29.0625 Power 03/30/2016 00:29:12
 I2C0_mux0_ch3_1E (-72, 219, -151) acs 03/30/2016 00:29:13
 I2C0_mux0_ch1_1E (-46, 280, -260) acs 03/30/2016 00:29:13
 I2C0_mux0_ch2_1E (-154, 190, -276) acs 03/30/2016 00:29:14
 I2C0_mux1_ch1_48 25.625 payload 03/30/2016 00:29:14
 Power (3860, 250, 960000) Power 03/30/2016 00:29:14
 I2C0_mux0_ch4_4c 29.0625 Power 03/30/2016 00:29:15
 I2C0_mux0_ch3_1E (-72, 219, -151) acs 03/30/2016 00:29:15
 I2C0_mux0_ch1_1E (-46, 280, -260) acs 03/30/2016 00:29:16
 I2C0_mux0_ch2_1E (-154, 190, -276) acs 03/30/2016 00:29:17
 I2C0_mux1_ch1_48 25.625 payload 03/30/2016 00:29:17
 Power (3864, 245, 960000) Power 03/30/2016 00:29:19
 I2C0_mux0_ch4_4c 29.125 Power 03/30/2016 00:29:19
 I2C0_mux0_ch3_1E (-72, 219, -151) acs 03/30/2016 00:29:20
 I2C0_mux0_ch1_1E (-46, 280, -260) acs 03/30/2016 00:29:20
 I2C0_mux0_ch2_1E (-154, 190, -276) acs 03/30/2016 00:29:25
 I2C0_mux1_ch1_48 25.625 payload 03/30/2016 00:29:26
 I2C0_mux1_ch1_48 25.5625 payload 03/30/2016 00:30:07
 Power (3860, 240, 920000) Power 03/30/2016 00:30:07
 I2C0_mux0_ch4_4c 29.0 Power 03/30/2016 00:30:07
 I2C0_mux0_ch3_1E (-74, 220, -154) acs 03/30/2016 00:30:08
 I2C0_mux0_ch1_1E (-46, 276, -271) acs 03/30/2016 00:30:09
 I2C0_mux0_ch2_1E (-153, 195, -271) acs 03/30/2016 00:30:09
 I2C0_mux1_ch1_48 25.625 payload 03/30/2016 00:30:10
 Power (3860, 240, 920000) Power 03/30/2016 00:30:10
 I2C0_mux0_ch4_4c 29.0 Power 03/30/2016 00:30:10
 I2C0_mux0_ch3_1E (-74, 220, -154) acs 03/30/2016 00:30:11
 I2C0_mux0_ch1_1E (-46, 276, -271) acs 03/30/2016 00:30:12
 I2C0_mux0_ch2_1E (-153, 195, -271) acs 03/30/2016 00:30:12
 I2C0_mux1_ch1_48 25.625 payload 03/30/2016 00:30:13
 Power (3860, 240, 1020000) Power 03/30/2016 00:30:13
 I2C0_mux0_ch4_4c 29.0625 Power 03/30/2016 00:30:13
 I2C0_mux0_ch3_1E (-74, 220, -154) acs 03/30/2016 00:30:15
 I2C0_mux0_ch1_1E (-46, 276, -271) acs 03/30/2016 00:30:15
 I2C0_mux0_ch2_1E (-153, 195, -271) acs 03/30/2016 00:30:16
 I2C0_mux1_ch1_48 25.625 payload 03/30/2016 00:30:16
 Power (3860, 230, 880000) Power 03/30/2016 00:30:17
 I2C0_mux0_ch4_4c 29.125 Power 03/30/2016 00:30:17
 I2C0_mux0_ch3_1E (-74, 220, -154) acs 03/30/2016 00:30:17
 I2C0_mux0_ch1_1E (-46, 276, -271) acs 03/30/2016 00:30:18
 I2C0_mux0_ch2_1E (-153, 195, -271) acs 03/30/2016 00:30:19
 I2C0_mux1_ch1_48 25.625 payload 03/30/2016 00:30:19
 Power (3860, 230, 880000) Power 03/30/2016 00:30:19
 I2C0_mux0_ch4_4c 29.125 Power 03/30/2016 00:30:20
 I2C0_mux0_ch3_1E (-74, 220, -154) acs 03/30/2016 00:30:20
 I2C0_mux0_ch1_1E (-46, 276, -271) acs 03/30/2016 00:30:21
 I2C0_mux0_ch2_1E (-153, 195, -271) acs 03/30/2016 00:30:21
 I2C0_mux0_ch2_1E (-149, 189, -267) acs 03/30/2016 00:31:10
 I2C0_mux0_ch1_1E (-38, 274, -261) acs 03/30/2016 00:31:10
 I2C0_mux0_ch3_1E (-70, 223, -141) acs 03/30/2016 00:31:11
 I2C0_mux1_ch1_48 25.5625 payload 03/30/2016 00:31:11
 Power (3856, 235, 920000) Power 03/30/2016 00:31:12
 I2C0_mux0_ch4_4c 29.0 Power 03/30/2016 00:31:12
 I2C0_mux0_ch2_1E (-149, 189, -267) acs 03/30/2016 00:31:12
 I2C0_mux0_ch1_1E (-38, 274, -261) acs 03/30/2016 00:31:13
 I2C0_mux0_ch3_1E (-70, 223, -141) acs 03/30/2016 00:31:14
 I2C0_mux1_ch1_48 25.625 payload 03/30/2016 00:31:14
 Power (3856, 240, 920000) Power 03/30/2016 00:31:14
 I2C0_mux0_ch4_4c 29.0 Power 03/30/2016 00:31:15
 I2C0_mux0_ch2_1E (-149, 189, -267) acs 03/30/2016 00:31:15
 I2C0_mux0_ch1_1E (-38, 274, -261) acs 03/30/2016 00:31:16
 I2C0_mux0_ch3_1E (-70, 223, -141) acs 03/30/2016 00:31:16
 I2C0_mux1_ch1_48 25.625 payload 03/30/2016 00:31:17
 Power (3852, 250, 880000) Power 03/30/2016 00:31:17
 I2C0_mux0_ch4_4c 29.0 Power 03/30/2016 00:31:17
 I2C0_mux0_ch2_1E (-149, 189, -267) acs 03/30/2016 00:31:18
 I2C0_mux0_ch1_1E (-38, 274, -261) acs 03/30/2016 00:31:18
 I2C0_mux0_ch3_1E (-70, 223, -141) acs 03/30/2016 00:31:19
 I2C0_mux1_ch1_48 25.625 payload 03/30/2016 00:31:19
 Power (3856, 225, 860000) Power 03/30/2016 00:31:20
 I2C0_mux0_ch4_4c 29.0 Power 03/30/2016 00:31:20
 I2C0_mux0_ch2_1E (-149, 189, -267) acs 03/30/2016 00:31:21
 I2C0_mux0_ch1_1E (-38, 274, -261) acs 03/30/2016 00:31:22
 I2C0_mux0_ch3_1E (-70, 223, -141) acs 03/30/2016 00:31:22
 I2C0_mux1_ch1_48 25.625 payload 03/30/2016 00:31:23
 Power (3856, 225, 860000) Power 03/30/2016 00:31:23
 I2C0_mux0_ch4_4c 29.0 Power 03/30/2016 00:31:24
 I2C0_mux0_ch1_1E (-38, 262, -269) acs 03/30/2016 00:32:08
 I2C0_mux1_ch1_48 25.625 payload 03/30/2016 00:32:08
 I2C0_mux0_ch4_4c 28.9375 Power 03/30/2016 00:32:09
 I2C0_mux0_ch2_1E (-148, 188, -262) acs 03/30/2016 00:32:09
 Power (3856, 245, 960000) Power 03/30/2016 00:32:10
 I2C0_mux0_ch3_1E (-66, 214, -154) acs 03/30/2016 00:32:10
 I2C0_mux0_ch1_1E (-38, 262, -269) acs 03/30/2016 00:32:11
 I2C0_mux1_ch1_48 25.625 payload 03/30/2016 00:32:11
 I2C0_mux0_ch4_4c 29.0 Power 03/30/2016 00:32:12
 I2C0_mux0_ch2_1E (-148, 188, -262) acs 03/30/2016 00:32:12
 Power (3852, 235, 920000) Power 03/30/2016 00:32:13
 I2C0_mux0_ch3_1E (-66, 214, -154) acs 03/30/2016 00:32:13
 I2C0_mux0_ch1_1E (-38, 262, -269) acs 03/30/2016 00:32:14
 I2C0_mux1_ch1_48 25.6875 payload 03/30/2016 00:32:14
 I2C0_mux0_ch4_4c 29.0 Power 03/30/2016 00:32:15
 I2C0_mux0_ch2_1E (-148, 188, -262) acs 03/30/2016 00:32:15
 Power (3856, 240, 920000) Power 03/30/2016 00:32:16
 I2C0_mux0_ch3_1E (-66, 214, -154) acs 03/30/2016 00:32:17
 I2C0_mux0_ch1_1E (-38, 262, -269) acs 03/30/2016 00:32:17
 I2C0_mux1_ch1_48 25.75 payload 03/30/2016 00:32:18
 I2C0_mux0_ch4_4c 29.0625 Power 03/30/2016 00:32:18
 I2C0_mux0_ch2_1E (-148, 188, -262) acs 03/30/2016 00:32:19
 Power (3852, 235, 920000) Power 03/30/2016 00:32:19
 I2C0_mux0_ch3_1E (-66, 214, -154) acs 03/30/2016 00:32:20
 I2C0_mux0_ch1_1E (-38, 262, -269) acs 03/30/2016 00:32:20
 I2C0_mux1_ch1_48 25.75 payload 03/30/2016 00:32:21
 I2C0_mux0_ch4_4c 29.0625 Power 03/30/2016 00:32:21
 I2C0_mux0_ch2_1E (-148, 188, -262) acs 03/30/2016 00:32:22
 Power (3856, 220, 880000) Power 03/30/2016 00:32:22
 I2C0_mux0_ch3_1E (-66, 214, -154) acs 03/30/2016 00:32:23
 I2C0_mux0_ch4_4c 29.625 Power 03/30/2016 00:33:11
 I2C0_mux1_ch1_48 25.6875 payload 03/30/2016 00:33:11
 I2C0_mux0_ch3_1E (-165, 221, -7) acs 03/30/2016 00:33:12
 I2C0_mux0_ch2_1E (-615, 498, 31) acs 03/30/2016 00:33:13
 Power (4008, 230, 920000) Power 03/30/2016 00:33:13
 I2C0_mux0_ch1_1E (-534, 633, -580) acs 03/30/2016 00:33:14
 I2C0_mux0_ch4_4c 29.9375 Power 03/30/2016 00:33:14
 I2C0_mux1_ch1_48 25.75 payload 03/30/2016 00:33:15
 I2C0_mux0_ch3_1E (-165, 221, -7) acs 03/30/2016 00:33:16
 I2C0_mux0_ch2_1E (-615, 498, 31) acs 03/30/2016 00:33:17
 Power (4008, 240, 960000) Power 03/30/2016 00:33:17
 I2C0_mux0_ch1_1E (-534, 633, -580) acs 03/30/2016 00:33:18
 I2C0_mux0_ch4_4c 30.25 Power 03/30/2016 00:33:18
 I2C0_mux1_ch1_48 25.75 payload 03/30/2016 00:33:19
 I2C0_mux0_ch3_1E (-165, 221, -7) acs 03/30/2016 00:33:20
 I2C0_mux0_ch2_1E (-615, 498, 31) acs 03/30/2016 00:33:21
 Power (4008, 250, 980000) Power 03/30/2016 00:33:21
 I2C0_mux0_ch1_1E (-534, 633, -580) acs 03/30/2016 00:33:22
 I2C0_mux0_ch4_4c 30.625 Power 03/30/2016 00:33:23
 I2C0_mux1_ch1_48 25.75 payload 03/30/2016 00:33:24
 I2C0_mux0_ch3_1E (-165, 221, -7) acs 03/30/2016 00:33:25
 I2C0_mux0_ch2_1E (-615, 498, 31) acs 03/30/2016 00:33:26
 Power (4008, 240, 960000) Power 03/30/2016 00:33:26
 I2C0_mux0_ch1_1E (-534, 633, -580) acs 03/30/2016 00:33:29
 I2C0_mux0_ch4_4c 31.0625 Power 03/30/2016 00:33:29
 I2C0_mux1_ch1_48 25.8125 payload 03/30/2016 00:33:30
 I2C0_mux0_ch3_1E (-165, 221, -7) acs 03/30/2016 00:33:31
 I2C0_mux0_ch2_1E (-615, 498, 31) acs 03/30/2016 00:33:32
 I2C0_mux0_ch1_1E (-534, 633, -580) acs 03/30/2016 00:33:33
 I2C0_mux0_ch4_4c 32.375 Power 03/30/2016 00:35:11
 I2C0_mux0_ch2_1E (-611, 499, 23) acs 03/30/2016 00:35:12
 I2C0_mux0_ch3_1E (-169, 219, -7) acs 03/30/2016 00:35:13
 I2C0_mux0_ch1_1E (-535, 638, -582) acs 03/30/2016 00:35:13
 I2C0_mux1_ch1_48 25.875 payload 03/30/2016 00:35:14
 Power (4016, 230, 880000) Power 03/30/2016 00:35:14
 I2C0_mux0_ch4_4c 32.625 Power 03/30/2016 00:35:15
 I2C0_mux0_ch2_1E (-611, 499, 23) acs 03/30/2016 00:35:16
 I2C0_mux0_ch3_1E (-169, 219, -7) acs 03/30/2016 00:35:16
 I2C0_mux0_ch1_1E (-535, 638, -582) acs 03/30/2016 00:35:17
 I2C0_mux1_ch1_48 25.875 payload 03/30/2016 00:35:18
 Power (4020, 230, 920000) Power 03/30/2016 00:35:18
 I2C0_mux0_ch4_4c 32.75 Power 03/30/2016 00:35:19
 I2C0_mux0_ch2_1E (-611, 499, 23) acs 03/30/2016 00:35:19
 I2C0_mux0_ch3_1E (-169, 219, -7) acs 03/30/2016 00:35:20
 I2C0_mux0_ch1_1E (-535, 638, -582) acs 03/30/2016 00:35:22
 I2C0_mux1_ch1_48 25.875 payload 03/30/2016 00:35:22
 Power (4020, 210, 860000) Power 03/30/2016 00:35:23
 I2C0_mux0_ch4_4c 33.0 Power 03/30/2016 00:35:23
 I2C0_mux0_ch2_1E (-611, 499, 23) acs 03/30/2016 00:35:24
 I2C0_mux0_ch3_1E (-169, 219, -7) acs 03/30/2016 00:35:26
 I2C0_mux0_ch1_1E (-535, 638, -582) acs 03/30/2016 00:35:28
 I2C0_mux1_ch1_48 25.875 payload 03/30/2016 00:35:28
 Power (4020, 245, 920000) Power 03/30/2016 00:35:29
 I2C0_mux0_ch4_4c 33.125 Power 03/30/2016 00:35:29
 I2C0_mux0_ch2_1E (-611, 499, 23) acs 03/30/2016 00:35:30
 I2C0_mux0_ch3_1E (-169, 219, -7) acs 03/30/2016 00:35:31
 I2C0_mux0_ch1_1E (-535, 638, -582) acs 03/30/2016 00:35:31
 I2C0_mux1_ch1_48 25.875 payload 03/30/2016 00:35:32
 Power (4020, 240, 960000) Power 03/30/2016 00:35:32
 I2C0_mux0_ch2_1E (-166, 244, -265) acs 03/30/2016 00:36:10
 I2C0_mux1_ch1_48 25.8125 payload 03/30/2016 00:36:11
 