SENSORID - VALUE - SUBSYSTEM - TIMESTAMP
========   =====   =========   =========
I2C0_mux1_ch0_1D (70, 75, 25.0) Payload 03/28/2016 01:42:07
 I2C0_mux1_ch0_48 25.2 Payload 03/28/2016 01:42:07
 I2C0_mux1_ch0_1D (125, 140, 25.0) Payload 03/28/2016 01:42:09
 I2C0_mux1_ch0_48 25.4 Payload 03/28/2016 01:42:09
 I2C0_mux1_ch0_1D (180, 205, 25.0) Payload 03/28/2016 01:42:11
 I2C0_mux1_ch0_48 25.599999999999998 Payload 03/28/2016 01:42:11
 I2C0_mux1_ch0_1D (235, 270, 25.0) Payload 03/28/2016 01:42:13
 I2C0_mux1_ch0_48 25.799999999999997 Payload 03/28/2016 01:42:13
 I2C0_mux1_ch0_1D (290, 335, 25.0) Payload 03/28/2016 01:42:15
 I2C0_mux1_ch0_48 25.999999999999996 Payload 03/28/2016 01:42:15
 I2C0_mux1_ch0_1D (345, 400, 25.0) Payload 03/28/2016 01:42:17
 I2C0_mux1_ch0_48 26.199999999999996 Payload 03/28/2016 01:42:17
 I2C0_mux1_ch0_1D (400, 465, 25.0) Payload 03/28/2016 01:42:19
 I2C0_mux1_ch0_48 26.399999999999995 Payload 03/28/2016 01:42:19
 I2C0_mux1_ch0_1D (455, 530, 25.0) Payload 03/28/2016 01:42:21
 I2C0_mux1_ch0_48 26.599999999999994 Payload 03/28/2016 01:42:21
 I2C0_mux1_ch0_1D (510, 595, 25.0) Payload 03/28/2016 01:42:23
 I2C0_mux1_ch0_48 26.799999999999994 Payload 03/28/2016 01:42:23
 I2C0_mux1_ch0_1D (565, 660, 25.0) Payload 03/28/2016 01:42:25
 I2C0_mux1_ch0_48 26.999999999999993 Payload 03/28/2016 01:42:25
 I2C0_mux1_ch0_1D (620, 725, 25.0) Payload 03/28/2016 01:42:27
 I2C0_mux1_ch0_48 27.199999999999992 Payload 03/28/2016 01:42:27
 I2C0_mux1_ch0_1D (675, 790, 25.0) Payload 03/28/2016 01:42:29
 I2C0_mux1_ch0_48 27.39999999999999 Payload 03/28/2016 01:42:29
 I2C0_mux1_ch0_1D (730, 855, 25.0) Payload 03/28/2016 01:42:31
 I2C0_mux1_ch0_48 27.59999999999999 Payload 03/28/2016 01:42:31
 I2C0_mux1_ch0_1D (785, 920, 25.0) Payload 03/28/2016 01:42:33
 I2C0_mux1_ch0_48 27.79999999999999 Payload 03/28/2016 01:42:33
 I2C0_mux1_ch0_1D (840, 985, 25.0) Payload 03/28/2016 01:42:35
 I2C0_mux1_ch0_48 27.99999999999999 Payload 03/28/2016 01:42:35
 I2C0_mux1_ch0_1D (895, 1050, 25.0) Payload 03/28/2016 01:42:37
 I2C0_mux1_ch0_48 28.19999999999999 Payload 03/28/2016 01:42:37
 I2C0_mux1_ch0_1D (950, 1115, 25.0) Payload 03/28/2016 01:42:39
 I2C0_mux1_ch0_48 28.399999999999988 Payload 03/28/2016 01:42:39
 I2C0_mux1_ch0_1D (1005, 1180, 25.0) Payload 03/28/2016 01:42:41
 I2C0_mux1_ch0_48 28.599999999999987 Payload 03/28/2016 01:42:41
 I2C0_mux1_ch0_1D (1060, 1245, 25.0) Payload 03/28/2016 01:42:43
 I2C0_mux1_ch0_48 28.799999999999986 Payload 03/28/2016 01:42:43
 I2C0_mux1_ch0_1D (1115, 1310, 25.0) Payload 03/28/2016 01:42:45
 I2C0_mux1_ch0_48 28.999999999999986 Payload 03/28/2016 01:42:45
 I2C0_mux1_ch0_1D (1170, 1375, 25.0) Payload 03/28/2016 01:42:47
 I2C0_mux1_ch0_48 29.199999999999985 Payload 03/28/2016 01:42:47
 I2C0_mux1_ch0_1D (1225, 1440, 25.0) Payload 03/28/2016 01:42:49
 I2C0_mux1_ch0_48 29.399999999999984 Payload 03/28/2016 01:42:49
 I2C0_mux1_ch0_1D (1280, 1505, 25.0) Payload 03/28/2016 01:42:51
 I2C0_mux1_ch0_48 29.599999999999984 Payload 03/28/2016 01:42:51
 I2C0_mux1_ch0_1D (1335, 1570, 25.0) Payload 03/28/2016 01:42:53
 I2C0_mux1_ch0_48 29.799999999999983 Payload 03/28/2016 01:42:53
 I2C0_mux1_ch0_1D (1390, 1635, 25.0) Payload 03/28/2016 01:42:55
 I2C0_mux1_ch0_48 29.999999999999982 Payload 03/28/2016 01:42:55
 I2C0_mux1_ch0_1D (1445, 1700, 25.0) Payload 03/28/2016 01:42:57
 I2C0_mux1_ch0_48 30.19999999999998 Payload 03/28/2016 01:42:57
 I2C0_mux1_ch0_1D (1500, 1765, 25.0) Payload 03/28/2016 01:42:59
 I2C0_mux1_ch0_48 30.39999999999998 Payload 03/28/2016 01:42:59
 I2C0_mux1_ch0_1D (1555, 1830, 25.0) Payload 03/28/2016 01:43:01
 I2C0_mux1_ch0_48 30.59999999999998 Payload 03/28/2016 01:43:01
 I2C0_mux1_ch0_1D (1610, 1895, 25.0) Payload 03/28/2016 01:43:03
 I2C0_mux1_ch0_48 30.79999999999998 Payload 03/28/2016 01:43:03
 I2C0_mux1_ch0_1D (1665, 1960, 25.0) Payload 03/28/2016 01:43:05
 I2C0_mux1_ch0_48 30.99999999999998 Payload 03/28/2016 01:43:05
 I2C0_mux1_ch0_1D (1720, 2025, 25.0) Payload 03/28/2016 01:43:07
 I2C0_mux1_ch0_48 31.199999999999978 Payload 03/28/2016 01:43:07
 I2C0_mux1_ch0_1D (1775, 2090, 25.0) Payload 03/28/2016 01:43:09
 I2C0_mux1_ch0_48 31.399999999999977 Payload 03/28/2016 01:43:09
 I2C0_mux1_ch0_1D (1830, 2155, 25.0) Payload 03/28/2016 01:43:11
 I2C0_mux1_ch0_48 31.599999999999977 Payload 03/28/2016 01:43:11
 I2C0_mux1_ch0_1D (1885, 2220, 25.0) Payload 03/28/2016 01:43:13
 I2C0_mux1_ch0_48 31.799999999999976 Payload 03/28/2016 01:43:13
 I2C0_mux1_ch0_1D (1940, 2285, 25.0) Payload 03/28/2016 01:43:15
 I2C0_mux1_ch0_48 31.999999999999975 Payload 03/28/2016 01:43:15
 I2C0_mux1_ch0_1D (1995, 2350, 25.0) Payload 03/28/2016 01:43:17
 I2C0_mux1_ch0_48 32.199999999999974 Payload 03/28/2016 01:43:17
 I2C0_mux1_ch0_1D (2050, 2415, 25.0) Payload 03/28/2016 01:43:19
 I2C0_mux1_ch0_48 32.39999999999998 Payload 03/28/2016 01:43:19
 I2C0_mux1_ch0_1D (2105, 2480, 25.0) Payload 03/28/2016 01:43:21
 I2C0_mux1_ch0_48 32.59999999999998 Payload 03/28/2016 01:43:21
 I2C0_mux1_ch0_1D (2160, 2545, 25.0) Payload 03/28/2016 01:43:23
 I2C0_mux1_ch0_48 32.79999999999998 Payload 03/28/2016 01:43:23
 I2C0_mux1_ch0_1D (2215, 2610, 25.0) Payload 03/28/2016 01:43:25
 I2C0_mux1_ch0_48 32.999999999999986 Payload 03/28/2016 01:43:25
 I2C0_mux1_ch0_1D (2270, 2675, 25.0) Payload 03/28/2016 01:43:27
 I2C0_mux1_ch0_48 33.19999999999999 Payload 03/28/2016 01:43:27
 I2C0_mux1_ch0_1D (2325, 2740, 25.0) Payload 03/28/2016 01:43:29
 I2C0_mux1_ch0_48 33.39999999999999 Payload 03/28/2016 01:43:29
 I2C0_mux1_ch0_1D (2380, 2805, 25.0) Payload 03/28/2016 01:43:31
 I2C0_mux1_ch0_48 33.599999999999994 Payload 03/28/2016 01:43:31
 I2C0_mux1_ch0_1D (2435, 2870, 25.0) Payload 03/28/2016 01:43:33
 I2C0_mux1_ch0_48 33.8 Payload 03/28/2016 01:43:33
 I2C0_mux1_ch0_1D (2490, 2935, 25.0) Payload 03/28/2016 01:43:35
 I2C0_mux1_ch0_48 34.0 Payload 03/28/2016 01:43:35
 I2C0_mux1_ch0_1D (2545, 3000, 25.0) Payload 03/28/2016 01:43:37
 I2C0_mux1_ch0_48 34.2 Payload 03/28/2016 01:43:37
 I2C0_mux1_ch0_1D (2600, 3065, 25.0) Payload 03/28/2016 01:43:39
 I2C0_mux1_ch0_48 34.400000000000006 Payload 03/28/2016 01:43:39
 I2C0_mux1_ch0_1D (2655, 3130, 25.0) Payload 03/28/2016 01:43:41
 I2C0_mux1_ch0_48 34.60000000000001 Payload 03/28/2016 01:43:41
 I2C0_mux1_ch0_1D (2710, 3195, 25.0) Payload 03/28/2016 01:43:43
 I2C0_mux1_ch0_48 34.80000000000001 Payload 03/28/2016 01:43:43
 I2C0_mux1_ch0_1D (2765, 3260, 25.0) Payload 03/28/2016 01:43:45
 I2C0_mux1_ch0_48 35.000000000000014 Payload 03/28/2016 01:43:45
 I2C0_mux1_ch0_1D (2820, 3325, 25.0) Payload 03/28/2016 01:43:47
 I2C0_mux1_ch0_48 35.20000000000002 Payload 03/28/2016 01:43:47
 I2C0_mux1_ch0_1D (2875, 3390, 25.0) Payload 03/28/2016 01:43:49
 I2C0_mux1_ch0_48 35.40000000000002 Payload 03/28/2016 01:43:49
 I2C0_mux1_ch0_1D (2930, 3455, 25.0) Payload 03/28/2016 01:43:51
 I2C0_mux1_ch0_48 35.60000000000002 Payload 03/28/2016 01:43:51
 I2C0_mux1_ch0_1D (2985, 3520, 25.0) Payload 03/28/2016 01:43:53
 I2C0_mux1_ch0_48 35.800000000000026 Payload 03/28/2016 01:43:53
 I2C0_mux1_ch0_1D (3040, 3585, 25.0) Payload 03/28/2016 01:43:55
 I2C0_mux1_ch0_48 36.00000000000003 Payload 03/28/2016 01:43:55
 I2C0_mux1_ch0_1D (3095, 3650, 25.0) Payload 03/28/2016 01:43:57
 I2C0_mux1_ch0_48 36.20000000000003 Payload 03/28/2016 01:43:57
 I2C0_mux1_ch0_1D (3150, 3715, 25.0) Payload 03/28/2016 01:43:59
 I2C0_mux1_ch0_48 36.400000000000034 Payload 03/28/2016 01:43:59
 I2C0_mux1_ch0_1D (3205, 3780, 25.0) Payload 03/28/2016 01:44:01
 I2C0_mux1_ch0_48 36.60000000000004 Payload 03/28/2016 01:44:01
 I2C0_mux1_ch0_1D (3260, 3845, 25.0) Payload 03/28/2016 01:44:03
 I2C0_mux1_ch0_48 36.80000000000004 Payload 03/28/2016 01:44:03
 I2C0_mux1_ch0_1D (3315, 3910, 25.0) Payload 03/28/2016 01:44:05
 I2C0_mux1_ch0_48 37.00000000000004 Payload 03/28/2016 01:44:05
 I2C0_mux1_ch0_1D (3370, 3975, 25.0) Payload 03/28/2016 01:44:07
 I2C0_mux1_ch0_48 37.200000000000045 Payload 03/28/2016 01:44:07
 I2C0_mux1_ch0_1D (3425, 4040, 25.0) Payload 03/28/2016 01:44:09
 I2C0_mux1_ch0_48 37.40000000000005 Payload 03/28/2016 01:44:09
 I2C0_mux1_ch0_1D (3480, 4105, 25.0) Payload 03/28/2016 01:44:11
 I2C0_mux1_ch0_48 37.60000000000005 Payload 03/28/2016 01:44:11
 I2C0_mux1_ch0_1D (3535, 4170, 25.0) Payload 03/28/2016 01:44:13
 I2C0_mux1_ch0_48 37.800000000000054 Payload 03/28/2016 01:44:13
 I2C0_mux1_ch0_1D (3590, 4235, 25.0) Payload 03/28/2016 01:44:15
 I2C0_mux1_ch0_48 38.00000000000006 Payload 03/28/2016 01:44:15
 I2C0_mux1_ch0_1D (3645, 4300, 25.0) Payload 03/28/2016 01:44:17
 I2C0_mux1_ch0_48 38.20000000000006 Payload 03/28/2016 01:44:17
 I2C0_mux1_ch0_1D (3700, 4365, 25.0) Payload 03/28/2016 01:44:19
 I2C0_mux1_ch0_48 38.40000000000006 Payload 03/28/2016 01:44:19
 I2C0_mux1_ch0_1D (3755, 4430, 25.0) Payload 03/28/2016 01:44:21
 I2C0_mux1_ch0_48 38.600000000000065 Payload 03/28/2016 01:44:21
 I2C0_mux1_ch0_1D (3810, 4495, 25.0) Payload 03/28/2016 01:44:23
 I2C0_mux1_ch0_48 38.80000000000007 Payload 03/28/2016 01:44:23
 I2C0_mux1_ch0_1D (3865, 4560, 25.0) Payload 03/28/2016 01:44:25
 I2C0_mux1_ch0_48 39.00000000000007 Payload 03/28/2016 01:44:25
 I2C0_mux1_ch0_1D (3920, 4625, 25.0) Payload 03/28/2016 01:44:27
 I2C0_mux1_ch0_48 39.200000000000074 Payload 03/28/2016 01:44:27
 I2C0_mux1_ch0_1D (3975, 4690, 25.0) Payload 03/28/2016 01:44:29
 I2C0_mux1_ch0_48 39.40000000000008 Payload 03/28/2016 01:44:29
 I2C0_mux1_ch0_1D (4030, 4755, 25.0) Payload 03/28/2016 01:44:31
 I2C0_mux1_ch0_48 39.60000000000008 Payload 03/28/2016 01:44:31
 I2C0_mux1_ch0_1D (4085, 4820, 25.0) Payload 03/28/2016 01:44:33
 I2C0_mux1_ch0_48 39.80000000000008 Payload 03/28/2016 01:44:33
 I2C0_mux1_ch0_1D (4140, 4885, 25.0) Payload 03/28/2016 01:44:35
 I2C0_mux1_ch0_48 40.000000000000085 Payload 03/28/2016 01:44:35
 I2C0_mux1_ch0_1D (70, 75, 25.0) Payload 03/28/2016 01:43:26
 I2C0_mux1_ch0_48 25.2 Payload 03/28/2016 01:43:26
 I2C0_mux1_ch0_1D (125, 140, 25.0) Payload 03/28/2016 01:43:28
 I2C0_mux1_ch0_48 25.4 Payload 03/28/2016 01:43:28
 I2C0_mux1_ch0_1D (180, 205, 25.0) Payload 03/28/2016 01:43:30
 I2C0_mux1_ch0_48 25.599999999999998 Payload 03/28/2016 01:43:30
 I2C0_mux1_ch0_1D (235, 270, 25.0) Payload 03/28/2016 01:43:32
 I2C0_mux1_ch0_48 25.799999999999997 Payload 03/28/2016 01:43:32
 I2C0_mux1_ch0_1D (290, 335, 25.0) Payload 03/28/2016 01:43:34
 I2C0_mux1_ch0_48 25.999999999999996 Payload 03/28/2016 01:43:34
 I2C0_mux1_ch0_1D (345, 400, 25.0) Payload 03/28/2016 01:43:36
 I2C0_mux1_ch0_48 26.199999999999996 Payload 03/28/2016 01:43:36
 I2C0_mux1_ch0_1D (400, 465, 25.0) Payload 03/28/2016 01:43:38
 I2C0_mux1_ch0_48 26.399999999999995 Payload 03/28/2016 01:43:38
 I2C0_mux1_ch0_1D (455, 530, 25.0) Payload 03/28/2016 01:43:40
 I2C0_mux1_ch0_48 26.599999999999994 Payload 03/28/2016 01:43:40
 I2C0_mux1_ch0_1D (510, 595, 25.0) Payload 03/28/2016 01:43:42
 I2C0_mux1_ch0_48 26.799999999999994 Payload 03/28/2016 01:43:42
 I2C0_mux1_ch0_1D (565, 660, 25.0) Payload 03/28/2016 01:43:44
 I2C0_mux1_ch0_48 26.999999999999993 Payload 03/28/2016 01:43:44
 I2C0_mux1_ch0_1D (620, 725, 25.0) Payload 03/28/2016 01:43:46
 I2C0_mux1_ch0_48 27.199999999999992 Payload 03/28/2016 01:43:46
 I2C0_mux1_ch0_1D (675, 790, 25.0) Payload 03/28/2016 01:43:48
 I2C0_mux1_ch0_48 27.39999999999999 Payload 03/28/2016 01:43:48
 I2C0_mux1_ch0_1D (730, 855, 25.0) Payload 03/28/2016 01:43:50
 I2C0_mux1_ch0_48 27.59999999999999 Payload 03/28/2016 01:43:50
 I2C0_mux1_ch0_1D (785, 920, 25.0) Payload 03/28/2016 01:43:52
 I2C0_mux1_ch0_48 27.79999999999999 Payload 03/28/2016 01:43:52
 I2C0_mux1_ch0_1D (840, 985, 25.0) Payload 03/28/2016 01:43:54
 I2C0_mux1_ch0_48 27.99999999999999 Payload 03/28/2016 01:43:54
 I2C0_mux1_ch0_1D (895, 1050, 25.0) Payload 03/28/2016 01:43:56
 I2C0_mux1_ch0_48 28.19999999999999 Payload 03/28/2016 01:43:56
 I2C0_mux1_ch0_1D (950, 1115, 25.0) Payload 03/28/2016 01:43:58
 I2C0_mux1_ch0_48 28.399999999999988 Payload 03/28/2016 01:43:58
 I2C0_mux1_ch0_1D (1005, 1180, 25.0) Payload 03/28/2016 01:44:00
 I2C0_mux1_ch0_48 28.599999999999987 Payload 03/28/2016 01:44:00
 I2C0_mux1_ch0_1D (1060, 1245, 25.0) Payload 03/28/2016 01:44:02
 I2C0_mux1_ch0_48 28.799999999999986 Payload 03/28/2016 01:44:02
 I2C0_mux1_ch0_1D (1115, 1310, 25.0) Payload 03/28/2016 01:44:04
 I2C0_mux1_ch0_48 28.999999999999986 Payload 03/28/2016 01:44:04
 I2C0_mux1_ch0_1D (1170, 1375, 25.0) Payload 03/28/2016 01:44:06
 I2C0_mux1_ch0_48 29.199999999999985 Payload 03/28/2016 01:44:06
 I2C0_mux1_ch0_1D (1225, 1440, 25.0) Payload 03/28/2016 01:44:08
 I2C0_mux1_ch0_48 29.399999999999984 Payload 03/28/2016 01:44:08
 I2C0_mux1_ch0_1D (1280, 1505, 25.0) Payload 03/28/2016 01:44:10
 I2C0_mux1_ch0_48 29.599999999999984 Payload 03/28/2016 01:44:10
 I2C0_mux1_ch0_1D (1335, 1570, 25.0) Payload 03/28/2016 01:44:12
 I2C0_mux1_ch0_48 29.799999999999983 Payload 03/28/2016 01:44:12
 I2C0_mux1_ch0_1D (1390, 1635, 25.0) Payload 03/28/2016 01:44:14
 I2C0_mux1_ch0_48 29.999999999999982 Payload 03/28/2016 01:44:14
 I2C0_mux1_ch0_1D (1445, 1700, 25.0) Payload 03/28/2016 01:44:16
 I2C0_mux1_ch0_48 30.19999999999998 Payload 03/28/2016 01:44:16
 I2C0_mux1_ch0_1D (1500, 1765, 25.0) Payload 03/28/2016 01:44:18
 I2C0_mux1_ch0_48 30.39999999999998 Payload 03/28/2016 01:44:18
 I2C0_mux1_ch0_1D (1555, 1830, 25.0) Payload 03/28/2016 01:44:20
 I2C0_mux1_ch0_48 30.59999999999998 Payload 03/28/2016 01:44:20
 I2C0_mux1_ch0_1D (1610, 1895, 25.0) Payload 03/28/2016 01:44:22
 I2C0_mux1_ch0_48 30.79999999999998 Payload 03/28/2016 01:44:22
 I2C0_mux1_ch0_1D (1665, 1960, 25.0) Payload 03/28/2016 01:44:24
 I2C0_mux1_ch0_48 30.99999999999998 Payload 03/28/2016 01:44:24
 I2C0_mux1_ch0_1D (1720, 2025, 25.0) Payload 03/28/2016 01:44:26
 I2C0_mux1_ch0_48 31.199999999999978 Payload 03/28/2016 01:44:26
 I2C0_mux1_ch0_1D (1775, 2090, 25.0) Payload 03/28/2016 01:44:28
 I2C0_mux1_ch0_48 31.399999999999977 Payload 03/28/2016 01:44:28
 I2C0_mux1_ch0_1D (1830, 2155, 25.0) Payload 03/28/2016 01:44:30
 I2C0_mux1_ch0_48 31.599999999999977 Payload 03/28/2016 01:44:30
 I2C0_mux1_ch0_1D (1885, 2220, 25.0) Payload 03/28/2016 01:44:32
 I2C0_mux1_ch0_48 31.799999999999976 Payload 03/28/2016 01:44:32
 I2C0_mux1_ch0_1D (1940, 2285, 25.0) Payload 03/28/2016 01:44:34
 I2C0_mux1_ch0_48 31.999999999999975 Payload 03/28/2016 01:44:34
 I2C0_mux1_ch0_1D (1995, 2350, 25.0) Payload 03/28/2016 01:44:36
 I2C0_mux1_ch0_48 32.199999999999974 Payload 03/28/2016 01:44:36
 I2C0_mux1_ch0_1D (2050, 2415, 25.0) Payload 03/28/2016 01:44:38
 I2C0_mux1_ch0_48 32.39999999999998 Payload 03/28/2016 01:44:38
 I2C0_mux1_ch0_1D (2105, 2480, 25.0) Payload 03/28/2016 01:44:40
 I2C0_mux1_ch0_48 32.59999999999998 Payload 03/28/2016 01:44:40
 I2C0_mux1_ch0_1D (2160, 2545, 25.0) Payload 03/28/2016 01:44:42
 I2C0_mux1_ch0_48 32.79999999999998 Payload 03/28/2016 01:44:42
 I2C0_mux1_ch0_1D (2215, 2610, 25.0) Payload 03/28/2016 01:44:44
 I2C0_mux1_ch0_48 32.999999999999986 Payload 03/28/2016 01:44:44
 I2C0_mux1_ch0_1D (2270, 2675, 25.0) Payload 03/28/2016 01:44:46
 I2C0_mux1_ch0_48 33.19999999999999 Payload 03/28/2016 01:44:46
 I2C0_mux1_ch0_1D (2325, 2740, 25.0) Payload 03/28/2016 01:44:48
 I2C0_mux1_ch0_48 33.39999999999999 Payload 03/28/2016 01:44:48
 I2C0_mux1_ch0_1D (2380, 2805, 25.0) Payload 03/28/2016 01:44:50
 I2C0_mux1_ch0_48 33.599999999999994 Payload 03/28/2016 01:44:50
 I2C0_mux1_ch0_1D (2435, 2870, 25.0) Payload 03/28/2016 01:44:52
 I2C0_mux1_ch0_48 33.8 Payload 03/28/2016 01:44:52
 I2C0_mux1_ch0_1D (2490, 2935, 25.0) Payload 03/28/2016 01:44:54
 I2C0_mux1_ch0_48 34.0 Payload 03/28/2016 01:44:54
 I2C0_mux1_ch0_1D (2545, 3000, 25.0) Payload 03/28/2016 01:44:56
 I2C0_mux1_ch0_48 34.2 Payload 03/28/2016 01:44:56
 I2C0_mux1_ch0_1D (2600, 3065, 25.0) Payload 03/28/2016 01:44:58
 I2C0_mux1_ch0_48 34.400000000000006 Payload 03/28/2016 01:44:58
 I2C0_mux1_ch0_1D (2655, 3130, 25.0) Payload 03/28/2016 01:45:00
 I2C0_mux1_ch0_48 34.60000000000001 Payload 03/28/2016 01:45:00
 I2C0_mux1_ch0_1D (2710, 3195, 25.0) Payload 03/28/2016 01:45:02
 I2C0_mux1_ch0_48 34.80000000000001 Payload 03/28/2016 01:45:02
 I2C0_mux1_ch0_1D (2765, 3260, 25.0) Payload 03/28/2016 01:45:04
 I2C0_mux1_ch0_48 35.000000000000014 Payload 03/28/2016 01:45:04
 I2C0_mux1_ch0_1D (2820, 3325, 25.0) Payload 03/28/2016 01:45:06
 I2C0_mux1_ch0_48 35.20000000000002 Payload 03/28/2016 01:45:06
 I2C0_mux1_ch0_1D (2875, 3390, 25.0) Payload 03/28/2016 01:45:08
 I2C0_mux1_ch0_48 35.40000000000002 Payload 03/28/2016 01:45:08
 I2C0_mux1_ch0_1D (2930, 3455, 25.0) Payload 03/28/2016 01:45:10
 I2C0_mux1_ch0_48 35.60000000000002 Payload 03/28/2016 01:45:10
 I2C0_mux1_ch0_1D (2985, 3520, 25.0) Payload 03/28/2016 01:45:12
 I2C0_mux1_ch0_48 35.800000000000026 Payload 03/28/2016 01:45:12
 I2C0_mux1_ch0_1D (3040, 3585, 25.0) Payload 03/28/2016 01:45:14
 I2C0_mux1_ch0_48 36.00000000000003 Payload 03/28/2016 01:45:14
 I2C0_mux1_ch0_1D (3095, 3650, 25.0) Payload 03/28/2016 01:45:16
 I2C0_mux1_ch0_48 36.20000000000003 Payload 03/28/2016 01:45:16
 I2C0_mux1_ch0_1D (3150, 3715, 25.0) Payload 03/28/2016 01:45:18
 I2C0_mux1_ch0_48 36.400000000000034 Payload 03/28/2016 01:45:18
 I2C0_mux1_ch0_1D (3205, 3780, 25.0) Payload 03/28/2016 01:45:20
 I2C0_mux1_ch0_48 36.60000000000004 Payload 03/28/2016 01:45:20
 I2C0_mux1_ch0_1D (3260, 3845, 25.0) Payload 03/28/2016 01:45:22
 I2C0_mux1_ch0_48 36.80000000000004 Payload 03/28/2016 01:45:22
 I2C0_mux1_ch0_1D (3315, 3910, 25.0) Payload 03/28/2016 01:45:24
 I2C0_mux1_ch0_48 37.00000000000004 Payload 03/28/2016 01:45:24
 I2C0_mux1_ch0_1D (3370, 3975, 25.0) Payload 03/28/2016 01:45:26
 I2C0_mux1_ch0_48 37.200000000000045 Payload 03/28/2016 01:45:26
 I2C0_mux1_ch0_1D (3425, 4040, 25.0) Payload 03/28/2016 01:45:28
 I2C0_mux1_ch0_48 37.40000000000005 Payload 03/28/2016 01:45:28
 I2C0_mux1_ch0_1D (3480, 4105, 25.0) Payload 03/28/2016 01:45:30
 I2C0_mux1_ch0_48 37.60000000000005 Payload 03/28/2016 01:45:30
 I2C0_mux1_ch0_1D (3535, 4170, 25.0) Payload 03/28/2016 01:45:32
 I2C0_mux1_ch0_48 37.800000000000054 Payload 03/28/2016 01:45:32
 I2C0_mux1_ch0_1D (3590, 4235, 25.0) Payload 03/28/2016 01:45:34
 I2C0_mux1_ch0_48 38.00000000000006 Payload 03/28/2016 01:45:34
 I2C0_mux1_ch0_1D (3645, 4300, 25.0) Payload 03/28/2016 01:45:36
 I2C0_mux1_ch0_48 38.20000000000006 Payload 03/28/2016 01:45:36
 I2C0_mux1_ch0_1D (3700, 4365, 25.0) Payload 03/28/2016 01:45:38
 I2C0_mux1_ch0_48 38.40000000000006 Payload 03/28/2016 01:45:38
 I2C0_mux1_ch0_1D (3755, 4430, 25.0) Payload 03/28/2016 01:45:40
 I2C0_mux1_ch0_48 38.600000000000065 Payload 03/28/2016 01:45:40
 I2C0_mux1_ch0_1D (3810, 4495, 25.0) Payload 03/28/2016 01:45:42
 I2C0_mux1_ch0_48 38.80000000000007 Payload 03/28/2016 01:45:42
 I2C0_mux1_ch0_1D (3865, 4560, 25.0) Payload 03/28/2016 01:45:44
 I2C0_mux1_ch0_48 39.00000000000007 Payload 03/28/2016 01:45:44
 I2C0_mux1_ch0_1D (3920, 4625, 25.0) Payload 03/28/2016 01:45:46
 I2C0_mux1_ch0_48 39.200000000000074 Payload 03/28/2016 01:45:46
 I2C0_mux1_ch0_1D (3975, 4690, 25.0) Payload 03/28/2016 01:45:48
 I2C0_mux1_ch0_48 39.40000000000008 Payload 03/28/2016 01:45:48
 I2C0_mux1_ch0_1D (4030, 4755, 25.0) Payload 03/28/2016 01:45:50
 I2C0_mux1_ch0_48 39.60000000000008 Payload 03/28/2016 01:45:50
 I2C0_mux1_ch0_1D (4085, 4820, 25.0) Payload 03/28/2016 01:45:52
 I2C0_mux1_ch0_48 39.80000000000008 Payload 03/28/2016 01:45:52
 I2C0_mux1_ch0_1D (4140, 4885, 25.0) Payload 03/28/2016 01:45:54
 I2C0_mux1_ch0_48 40.000000000000085 Payload 03/28/2016 01:45:54
 I2C0_mux1_ch0_1D (70, 75, 25.0) Payload 03/28/2016 01:46:12
 I2C0_mux1_ch0_48 25.2 Payload 03/28/2016 01:46:12
 I2C0_mux1_ch0_1D (125, 140, 25.0) Payload 03/28/2016 01:46:14
 I2C0_mux1_ch0_48 25.4 Payload 03/28/2016 01:46:14
 I2C0_mux1_ch0_1D (180, 205, 25.0) Payload 03/28/2016 01:46:16
 I2C0_mux1_ch0_48 25.599999999999998 Payload 03/28/2016 01:46:16
 I2C0_mux1_ch0_1D (235, 270, 25.0) Payload 03/28/2016 01:46:18
 I2C0_mux1_ch0_48 25.799999999999997 Payload 03/28/2016 01:46:18
 I2C0_mux1_ch0_1D (290, 335, 25.0) Payload 03/28/2016 01:46:20
 I2C0_mux1_ch0_48 25.999999999999996 Payload 03/28/2016 01:46:20
 I2C0_mux1_ch0_1D (345, 400, 25.0) Payload 03/28/2016 01:46:22
 I2C0_mux1_ch0_48 26.199999999999996 Payload 03/28/2016 01:46:22
 I2C0_mux1_ch0_1D (400, 465, 25.0) Payload 03/28/2016 01:46:24
 I2C0_mux1_ch0_48 26.399999999999995 Payload 03/28/2016 01:46:24
 I2C0_mux1_ch0_1D (455, 530, 25.0) Payload 03/28/2016 01:46:26
 I2C0_mux1_ch0_48 26.599999999999994 Payload 03/28/2016 01:46:26
 I2C0_mux1_ch0_1D (510, 595, 25.0) Payload 03/28/2016 01:46:28
 I2C0_mux1_ch0_48 26.799999999999994 Payload 03/28/2016 01:46:28
 I2C0_mux1_ch0_1D (565, 660, 25.0) Payload 03/28/2016 01:46:30
 I2C0_mux1_ch0_48 26.999999999999993 Payload 03/28/2016 01:46:30
 I2C0_mux1_ch0_1D (620, 725, 25.0) Payload 03/28/2016 01:46:32
 I2C0_mux1_ch0_48 27.199999999999992 Payload 03/28/2016 01:46:32
 I2C0_mux1_ch0_1D (675, 790, 25.0) Payload 03/28/2016 01:46:34
 I2C0_mux1_ch0_48 27.39999999999999 Payload 03/28/2016 01:46:34
 I2C0_mux1_ch0_1D (730, 855, 25.0) Payload 03/28/2016 01:46:36
 I2C0_mux1_ch0_48 27.59999999999999 Payload 03/28/2016 01:46:36
 I2C0_mux1_ch0_1D (785, 920, 25.0) Payload 03/28/2016 01:46:38
 I2C0_mux1_ch0_48 27.79999999999999 Payload 03/28/2016 01:46:38
 I2C0_mux1_ch0_1D (840, 985, 25.0) Payload 03/28/2016 01:46:40
 I2C0_mux1_ch0_48 27.99999999999999 Payload 03/28/2016 01:46:40
 I2C0_mux1_ch0_1D (895, 1050, 25.0) Payload 03/28/2016 01:46:42
 I2C0_mux1_ch0_48 28.19999999999999 Payload 03/28/2016 01:46:42
 I2C0_mux1_ch0_1D (950, 1115, 25.0) Payload 03/28/2016 01:46:44
 I2C0_mux1_ch0_48 28.399999999999988 Payload 03/28/2016 01:46:44
 I2C0_mux1_ch0_1D (1005, 1180, 25.0) Payload 03/28/2016 01:46:46
 I2C0_mux1_ch0_48 28.599999999999987 Payload 03/28/2016 01:46:46
 I2C0_mux1_ch0_1D (1060, 1245, 25.0) Payload 03/28/2016 01:46:48
 I2C0_mux1_ch0_48 28.799999999999986 Payload 03/28/2016 01:46:48
 I2C0_mux1_ch0_1D (1115, 1310, 25.0) Payload 03/28/2016 01:46:50
 I2C0_mux1_ch0_48 28.999999999999986 Payload 03/28/2016 01:46:50
 I2C0_mux1_ch0_1D (1170, 1375, 25.0) Payload 03/28/2016 01:46:52
 I2C0_mux1_ch0_48 29.199999999999985 Payload 03/28/2016 01:46:52
 I2C0_mux1_ch0_1D (1225, 1440, 25.0) Payload 03/28/2016 01:46:54
 I2C0_mux1_ch0_48 29.399999999999984 Payload 03/28/2016 01:46:54
 I2C0_mux1_ch0_1D (1280, 1505, 25.0) Payload 03/28/2016 01:46:56
 I2C0_mux1_ch0_48 29.599999999999984 Payload 03/28/2016 01:46:56
 I2C0_mux1_ch0_1D (1335, 1570, 25.0) Payload 03/28/2016 01:46:58
 I2C0_mux1_ch0_48 29.799999999999983 Payload 03/28/2016 01:46:58
 I2C0_mux1_ch0_1D (1390, 1635, 25.0) Payload 03/28/2016 01:47:00
 I2C0_mux1_ch0_48 29.999999999999982 Payload 03/28/2016 01:47:00
 I2C0_mux1_ch0_1D (1445, 1700, 25.0) Payload 03/28/2016 01:47:02
 I2C0_mux1_ch0_48 30.19999999999998 Payload 03/28/2016 01:47:02
 I2C0_mux1_ch0_1D (1500, 1765, 25.0) Payload 03/28/2016 01:47:04
 I2C0_mux1_ch0_48 30.39999999999998 Payload 03/28/2016 01:47:04
 I2C0_mux1_ch0_1D (1555, 1830, 25.0) Payload 03/28/2016 01:47:06
 I2C0_mux1_ch0_48 30.59999999999998 Payload 03/28/2016 01:47:06
 I2C0_mux1_ch0_1D (1610, 1895, 25.0) Payload 03/28/2016 01:47:08
 I2C0_mux1_ch0_48 30.79999999999998 Payload 03/28/2016 01:47:08
 I2C0_mux1_ch0_1D (1665, 1960, 25.0) Payload 03/28/2016 01:47:10
 I2C0_mux1_ch0_48 30.99999999999998 Payload 03/28/2016 01:47:10
 I2C0_mux1_ch0_1D (1720, 2025, 25.0) Payload 03/28/2016 01:47:12
 I2C0_mux1_ch0_48 31.199999999999978 Payload 03/28/2016 01:47:12
 I2C0_mux1_ch0_1D (1775, 2090, 25.0) Payload 03/28/2016 01:47:14
 I2C0_mux1_ch0_48 31.399999999999977 Payload 03/28/2016 01:47:14
 I2C0_mux1_ch0_1D (1830, 2155, 25.0) Payload 03/28/2016 01:47:16
 I2C0_mux1_ch0_48 31.599999999999977 Payload 03/28/2016 01:47:16
 I2C0_mux1_ch0_1D (1885, 2220, 25.0) Payload 03/28/2016 01:47:18
 I2C0_mux1_ch0_48 31.799999999999976 Payload 03/28/2016 01:47:18
 I2C0_mux1_ch0_1D (1940, 2285, 25.0) Payload 03/28/2016 01:47:20
 I2C0_mux1_ch0_48 31.999999999999975 Payload 03/28/2016 01:47:20
 I2C0_mux1_ch0_1D (1995, 2350, 25.0) Payload 03/28/2016 01:47:22
 I2C0_mux1_ch0_48 32.199999999999974 Payload 03/28/2016 01:47:22
 I2C0_mux1_ch0_1D (2050, 2415, 25.0) Payload 03/28/2016 01:47:24
 I2C0_mux1_ch0_48 32.39999999999998 Payload 03/28/2016 01:47:24
 I2C0_mux1_ch0_1D (2105, 2480, 25.0) Payload 03/28/2016 01:47:26
 I2C0_mux1_ch0_48 32.59999999999998 Payload 03/28/2016 01:47:26
 I2C0_mux1_ch0_1D (2160, 2545, 25.0) Payload 03/28/2016 01:47:28
 I2C0_mux1_ch0_48 32.79999999999998 Payload 03/28/2016 01:47:28
 I2C0_mux1_ch0_1D (2215, 2610, 25.0) Payload 03/28/2016 01:47:30
 I2C0_mux1_ch0_48 32.999999999999986 Payload 03/28/2016 01:47:30
 I2C0_mux1_ch0_1D (2270, 2675, 25.0) Payload 03/28/2016 01:47:32
 I2C0_mux1_ch0_48 33.19999999999999 Payload 03/28/2016 01:47:32
 I2C0_mux1_ch0_1D (2325, 2740, 25.0) Payload 03/28/2016 01:47:34
 I2C0_mux1_ch0_48 33.39999999999999 Payload 03/28/2016 01:47:34
 I2C0_mux1_ch0_1D (2380, 2805, 25.0) Payload 03/28/2016 01:47:36
 I2C0_mux1_ch0_48 33.599999999999994 Payload 03/28/2016 01:47:36
 I2C0_mux1_ch0_1D (2435, 2870, 25.0) Payload 03/28/2016 01:47:38
 I2C0_mux1_ch0_48 33.8 Payload 03/28/2016 01:47:38
 I2C0_mux1_ch0_1D (2490, 2935, 25.0) Payload 03/28/2016 01:47:40
 I2C0_mux1_ch0_48 34.0 Payload 03/28/2016 01:47:40
 I2C0_mux1_ch0_1D (2545, 3000, 25.0) Payload 03/28/2016 01:47:42
 I2C0_mux1_ch0_48 34.2 Payload 03/28/2016 01:47:42
 I2C0_mux1_ch0_1D (2600, 3065, 25.0) Payload 03/28/2016 01:47:44
 I2C0_mux1_ch0_48 34.400000000000006 Payload 03/28/2016 01:47:44
 I2C0_mux1_ch0_1D (2655, 3130, 25.0) Payload 03/28/2016 01:47:46
 I2C0_mux1_ch0_48 34.60000000000001 Payload 03/28/2016 01:47:46
 I2C0_mux1_ch0_1D (2710, 3195, 25.0) Payload 03/28/2016 01:47:48
 I2C0_mux1_ch0_48 34.80000000000001 Payload 03/28/2016 01:47:48
 I2C0_mux1_ch0_1D (2765, 3260, 25.0) Payload 03/28/2016 01:47:50
 I2C0_mux1_ch0_48 35.000000000000014 Payload 03/28/2016 01:47:50
 I2C0_mux1_ch0_1D (2820, 3325, 25.0) Payload 03/28/2016 01:47:52
 I2C0_mux1_ch0_48 35.20000000000002 Payload 03/28/2016 01:47:52
 I2C0_mux1_ch0_1D (2875, 3390, 25.0) Payload 03/28/2016 01:47:54
 I2C0_mux1_ch0_48 35.40000000000002 Payload 03/28/2016 01:47:54
 I2C0_mux1_ch0_1D (2930, 3455, 25.0) Payload 03/28/2016 01:47:56
 I2C0_mux1_ch0_48 35.60000000000002 Payload 03/28/2016 01:47:56
 I2C0_mux1_ch0_1D (2985, 3520, 25.0) Payload 03/28/2016 01:47:58
 I2C0_mux1_ch0_48 35.800000000000026 Payload 03/28/2016 01:47:58
 I2C0_mux1_ch0_1D (3040, 3585, 25.0) Payload 03/28/2016 01:48:00
 I2C0_mux1_ch0_48 36.00000000000003 Payload 03/28/2016 01:48:00
 I2C0_mux1_ch0_1D (3095, 3650, 25.0) Payload 03/28/2016 01:48:02
 I2C0_mux1_ch0_48 36.20000000000003 Payload 03/28/2016 01:48:02
 I2C0_mux1_ch0_1D (3150, 3715, 25.0) Payload 03/28/2016 01:48:04
 I2C0_mux1_ch0_48 36.400000000000034 Payload 03/28/2016 01:48:04
 I2C0_mux1_ch0_1D (3205, 3780, 25.0) Payload 03/28/2016 01:48:06
 I2C0_mux1_ch0_48 36.60000000000004 Payload 03/28/2016 01:48:06
 I2C0_mux1_ch0_1D (3260, 3845, 25.0) Payload 03/28/2016 01:48:08
 I2C0_mux1_ch0_48 36.80000000000004 Payload 03/28/2016 01:48:08
 I2C0_mux1_ch0_1D (3315, 3910, 25.0) Payload 03/28/2016 01:48:10
 I2C0_mux1_ch0_48 37.00000000000004 Payload 03/28/2016 01:48:10
 I2C0_mux1_ch0_1D (3370, 3975, 25.0) Payload 03/28/2016 01:48:12
 I2C0_mux1_ch0_48 37.200000000000045 Payload 03/28/2016 01:48:12
 I2C0_mux1_ch0_1D (3425, 4040, 25.0) Payload 03/28/2016 01:48:14
 I2C0_mux1_ch0_48 37.40000000000005 Payload 03/28/2016 01:48:14
 I2C0_mux1_ch0_1D (3480, 4105, 25.0) Payload 03/28/2016 01:48:16
 I2C0_mux1_ch0_48 37.60000000000005 Payload 03/28/2016 01:48:16
 I2C0_mux1_ch0_1D (3535, 4170, 25.0) Payload 03/28/2016 01:48:18
 I2C0_mux1_ch0_48 37.800000000000054 Payload 03/28/2016 01:48:18
 I2C0_mux1_ch0_1D (3590, 4235, 25.0) Payload 03/28/2016 01:48:20
 I2C0_mux1_ch0_48 38.00000000000006 Payload 03/28/2016 01:48:20
 I2C0_mux1_ch0_1D (3645, 4300, 25.0) Payload 03/28/2016 01:48:22
 I2C0_mux1_ch0_48 38.20000000000006 Payload 03/28/2016 01:48:22
 I2C0_mux1_ch0_1D (3700, 4365, 25.0) Payload 03/28/2016 01:48:24
 I2C0_mux1_ch0_48 38.40000000000006 Payload 03/28/2016 01:48:24
 I2C0_mux1_ch0_1D (3755, 4430, 25.0) Payload 03/28/2016 01:48:26
 I2C0_mux1_ch0_48 38.600000000000065 Payload 03/28/2016 01:48:26
 I2C0_mux1_ch0_1D (3810, 4495, 25.0) Payload 03/28/2016 01:48:28
 I2C0_mux1_ch0_48 38.80000000000007 Payload 03/28/2016 01:48:28
 I2C0_mux1_ch0_1D (3865, 4560, 25.0) Payload 03/28/2016 01:48:30
 I2C0_mux1_ch0_48 39.00000000000007 Payload 03/28/2016 01:48:30
 I2C0_mux1_ch0_1D (3920, 4625, 25.0) Payload 03/28/2016 01:48:32
 I2C0_mux1_ch0_48 39.200000000000074 Payload 03/28/2016 01:48:32
 I2C0_mux1_ch0_1D (3975, 4690, 25.0) Payload 03/28/2016 01:48:34
 I2C0_mux1_ch0_48 39.40000000000008 Payload 03/28/2016 01:48:34
 I2C0_mux1_ch0_1D (4030, 4755, 25.0) Payload 03/28/2016 01:48:36
 I2C0_mux1_ch0_48 39.60000000000008 Payload 03/28/2016 01:48:36
 I2C0_mux1_ch0_1D (4085, 4820, 25.0) Payload 03/28/2016 01:48:38
 I2C0_mux1_ch0_48 39.80000000000008 Payload 03/28/2016 01:48:38
 I2C0_mux1_ch0_1D (4140, 4885, 25.0) Payload 03/28/2016 01:48:40
 I2C0_mux1_ch0_48 40.000000000000085 Payload 03/28/2016 01:48:40
 I2C0_mux1_ch0_1D (70, 75, 25.0) Payload 03/28/2016 01:48:15
 I2C0_mux1_ch0_48 25.2 Payload 03/28/2016 01:48:15
 I2C0_mux1_ch0_1D (125, 140, 25.0) Payload 03/28/2016 01:48:17
 I2C0_mux1_ch0_48 25.4 Payload 03/28/2016 01:48:17
 I2C0_mux1_ch0_1D (180, 205, 25.0) Payload 03/28/2016 01:48:19
 I2C0_mux1_ch0_48 25.599999999999998 Payload 03/28/2016 01:48:19
 I2C0_mux1_ch0_1D (235, 270, 25.0) Payload 03/28/2016 01:48:21
 I2C0_mux1_ch0_48 25.799999999999997 Payload 03/28/2016 01:48:21
 I2C0_mux1_ch0_1D (290, 335, 25.0) Payload 03/28/2016 01:48:23
 I2C0_mux1_ch0_48 25.999999999999996 Payload 03/28/2016 01:48:23
 I2C0_mux1_ch0_1D (345, 400, 25.0) Payload 03/28/2016 01:48:25
 I2C0_mux1_ch0_48 26.199999999999996 Payload 03/28/2016 01:48:25
 I2C0_mux1_ch0_1D (400, 465, 25.0) Payload 03/28/2016 01:48:27
 I2C0_mux1_ch0_48 26.399999999999995 Payload 03/28/2016 01:48:27
 I2C0_mux1_ch0_1D (455, 530, 25.0) Payload 03/28/2016 01:48:29
 I2C0_mux1_ch0_48 26.599999999999994 Payload 03/28/2016 01:48:29
 I2C0_mux1_ch0_1D (510, 595, 25.0) Payload 03/28/2016 01:48:31
 I2C0_mux1_ch0_48 26.799999999999994 Payload 03/28/2016 01:48:31
 I2C0_mux1_ch0_1D (565, 660, 25.0) Payload 03/28/2016 01:48:33
 I2C0_mux1_ch0_48 26.999999999999993 Payload 03/28/2016 01:48:33
 I2C0_mux1_ch0_1D (620, 725, 25.0) Payload 03/28/2016 01:48:35
 I2C0_mux1_ch0_48 27.199999999999992 Payload 03/28/2016 01:48:35
 I2C0_mux1_ch0_1D (675, 790, 25.0) Payload 03/28/2016 01:48:37
 I2C0_mux1_ch0_48 27.39999999999999 Payload 03/28/2016 01:48:37
 I2C0_mux1_ch0_1D (730, 855, 25.0) Payload 03/28/2016 01:48:39
 I2C0_mux1_ch0_48 27.59999999999999 Payload 03/28/2016 01:48:39
 I2C0_mux1_ch0_1D (785, 920, 25.0) Payload 03/28/2016 01:48:41
 I2C0_mux1_ch0_48 27.79999999999999 Payload 03/28/2016 01:48:41
 I2C0_mux1_ch0_1D (840, 985, 25.0) Payload 03/28/2016 01:48:43
 I2C0_mux1_ch0_48 27.99999999999999 Payload 03/28/2016 01:48:43
 I2C0_mux1_ch0_1D (895, 1050, 25.0) Payload 03/28/2016 01:48:45
 I2C0_mux1_ch0_48 28.19999999999999 Payload 03/28/2016 01:48:45
 I2C0_mux1_ch0_1D (950, 1115, 25.0) Payload 03/28/2016 01:48:47
 I2C0_mux1_ch0_48 28.399999999999988 Payload 03/28/2016 01:48:47
 I2C0_mux1_ch0_1D (1005, 1180, 25.0) Payload 03/28/2016 01:48:49
 I2C0_mux1_ch0_48 28.599999999999987 Payload 03/28/2016 01:48:49
 I2C0_mux1_ch0_1D (1060, 1245, 25.0) Payload 03/28/2016 01:48:51
 I2C0_mux1_ch0_48 28.799999999999986 Payload 03/28/2016 01:48:51
 I2C0_mux1_ch0_1D (1115, 1310, 25.0) Payload 03/28/2016 01:48:53
 I2C0_mux1_ch0_48 28.999999999999986 Payload 03/28/2016 01:48:53
 I2C0_mux1_ch0_1D (1170, 1375, 25.0) Payload 03/28/2016 01:48:55
 I2C0_mux1_ch0_48 29.199999999999985 Payload 03/28/2016 01:48:55
 I2C0_mux1_ch0_1D (1225, 1440, 25.0) Payload 03/28/2016 01:48:57
 I2C0_mux1_ch0_48 29.399999999999984 Payload 03/28/2016 01:48:57
 I2C0_mux1_ch0_1D (1280, 1505, 25.0) Payload 03/28/2016 01:48:59
 I2C0_mux1_ch0_48 29.599999999999984 Payload 03/28/2016 01:48:59
 I2C0_mux1_ch0_1D (1335, 1570, 25.0) Payload 03/28/2016 01:49:01
 I2C0_mux1_ch0_48 29.799999999999983 Payload 03/28/2016 01:49:01
 I2C0_mux1_ch0_1D (1390, 1635, 25.0) Payload 03/28/2016 01:49:03
 I2C0_mux1_ch0_48 29.999999999999982 Payload 03/28/2016 01:49:03
 I2C0_mux1_ch0_1D (1445, 1700, 25.0) Payload 03/28/2016 01:49:05
 I2C0_mux1_ch0_48 30.19999999999998 Payload 03/28/2016 01:49:05
 I2C0_mux1_ch0_1D (1500, 1765, 25.0) Payload 03/28/2016 01:49:07
 I2C0_mux1_ch0_48 30.39999999999998 Payload 03/28/2016 01:49:07
 I2C0_mux1_ch0_1D (1555, 1830, 25.0) Payload 03/28/2016 01:49:09
 I2C0_mux1_ch0_48 30.59999999999998 Payload 03/28/2016 01:49:09
 I2C0_mux1_ch0_1D (1610, 1895, 25.0) Payload 03/28/2016 01:49:11
 I2C0_mux1_ch0_48 30.79999999999998 Payload 03/28/2016 01:49:11
 I2C0_mux1_ch0_1D (1665, 1960, 25.0) Payload 03/28/2016 01:49:13
 I2C0_mux1_ch0_48 30.99999999999998 Payload 03/28/2016 01:49:13
 I2C0_mux1_ch0_1D (1720, 2025, 25.0) Payload 03/28/2016 01:49:15
 I2C0_mux1_ch0_48 31.199999999999978 Payload 03/28/2016 01:49:15
 I2C0_mux1_ch0_1D (1775, 2090, 25.0) Payload 03/28/2016 01:49:17
 I2C0_mux1_ch0_48 31.399999999999977 Payload 03/28/2016 01:49:17
 I2C0_mux1_ch0_1D (1830, 2155, 25.0) Payload 03/28/2016 01:49:19
 I2C0_mux1_ch0_48 31.599999999999977 Payload 03/28/2016 01:49:19
 I2C0_mux1_ch0_1D (1885, 2220, 25.0) Payload 03/28/2016 01:49:21
 I2C0_mux1_ch0_48 31.799999999999976 Payload 03/28/2016 01:49:21
 I2C0_mux1_ch0_1D (1940, 2285, 25.0) Payload 03/28/2016 01:49:23
 I2C0_mux1_ch0_48 31.999999999999975 Payload 03/28/2016 01:49:23
 I2C0_mux1_ch0_1D (1995, 2350, 25.0) Payload 03/28/2016 01:49:25
 I2C0_mux1_ch0_48 32.199999999999974 Payload 03/28/2016 01:49:25
 I2C0_mux1_ch0_1D (2050, 2415, 25.0) Payload 03/28/2016 01:49:27
 I2C0_mux1_ch0_48 32.39999999999998 Payload 03/28/2016 01:49:27
 I2C0_mux1_ch0_1D (2105, 2480, 25.0) Payload 03/28/2016 01:49:29
 I2C0_mux1_ch0_48 32.59999999999998 Payload 03/28/2016 01:49:29
 I2C0_mux1_ch0_1D (2160, 2545, 25.0) Payload 03/28/2016 01:49:31
 I2C0_mux1_ch0_48 32.79999999999998 Payload 03/28/2016 01:49:31
 I2C0_mux1_ch0_1D (2215, 2610, 25.0) Payload 03/28/2016 01:49:33
 I2C0_mux1_ch0_48 32.999999999999986 Payload 03/28/2016 01:49:33
 I2C0_mux1_ch0_1D (2270, 2675, 25.0) Payload 03/28/2016 01:49:35
 I2C0_mux1_ch0_48 33.19999999999999 Payload 03/28/2016 01:49:35
 I2C0_mux1_ch0_1D (2325, 2740, 25.0) Payload 03/28/2016 01:49:37
 I2C0_mux1_ch0_48 33.39999999999999 Payload 03/28/2016 01:49:37
 I2C0_mux1_ch0_1D (2380, 2805, 25.0) Payload 03/28/2016 01:49:39
 I2C0_mux1_ch0_48 33.599999999999994 Payload 03/28/2016 01:49:39
 I2C0_mux1_ch0_1D (2435, 2870, 25.0) Payload 03/28/2016 01:49:41
 I2C0_mux1_ch0_48 33.8 Payload 03/28/2016 01:49:41
 I2C0_mux1_ch0_1D (2490, 2935, 25.0) Payload 03/28/2016 01:49:43
 I2C0_mux1_ch0_48 34.0 Payload 03/28/2016 01:49:43
 I2C0_mux1_ch0_1D (2545, 3000, 25.0) Payload 03/28/2016 01:49:45
 I2C0_mux1_ch0_48 34.2 Payload 03/28/2016 01:49:45
 I2C0_mux1_ch0_1D (2600, 3065, 25.0) Payload 03/28/2016 01:49:47
 I2C0_mux1_ch0_48 34.400000000000006 Payload 03/28/2016 01:49:47
 I2C0_mux1_ch0_1D (2655, 3130, 25.0) Payload 03/28/2016 01:49:49
 I2C0_mux1_ch0_48 34.60000000000001 Payload 03/28/2016 01:49:49
 I2C0_mux1_ch0_1D (2710, 3195, 25.0) Payload 03/28/2016 01:49:51
 I2C0_mux1_ch0_48 34.80000000000001 Payload 03/28/2016 01:49:51
 I2C0_mux1_ch0_1D (2765, 3260, 25.0) Payload 03/28/2016 01:49:53
 I2C0_mux1_ch0_48 35.000000000000014 Payload 03/28/2016 01:49:53
 I2C0_mux1_ch0_1D (2820, 3325, 25.0) Payload 03/28/2016 01:49:55
 I2C0_mux1_ch0_48 35.20000000000002 Payload 03/28/2016 01:49:55
 I2C0_mux1_ch0_1D (2875, 3390, 25.0) Payload 03/28/2016 01:49:57
 I2C0_mux1_ch0_48 35.40000000000002 Payload 03/28/2016 01:49:57
 I2C0_mux1_ch0_1D (2930, 3455, 25.0) Payload 03/28/2016 01:49:59
 I2C0_mux1_ch0_48 35.60000000000002 Payload 03/28/2016 01:49:59
 I2C0_mux1_ch0_1D (2985, 3520, 25.0) Payload 03/28/2016 01:50:01
 I2C0_mux1_ch0_48 35.800000000000026 Payload 03/28/2016 01:50:01
 I2C0_mux1_ch0_1D (3040, 3585, 25.0) Payload 03/28/2016 01:50:03
 I2C0_mux1_ch0_48 36.00000000000003 Payload 03/28/2016 01:50:03
 I2C0_mux1_ch0_1D (3095, 3650, 25.0) Payload 03/28/2016 01:50:05
 I2C0_mux1_ch0_48 36.20000000000003 Payload 03/28/2016 01:50:05
 I2C0_mux1_ch0_1D (3150, 3715, 25.0) Payload 03/28/2016 01:50:07
 I2C0_mux1_ch0_48 36.400000000000034 Payload 03/28/2016 01:50:07
 I2C0_mux1_ch0_1D (3205, 3780, 25.0) Payload 03/28/2016 01:50:09
 I2C0_mux1_ch0_48 36.60000000000004 Payload 03/28/2016 01:50:09
 I2C0_mux1_ch0_1D (3260, 3845, 25.0) Payload 03/28/2016 01:50:11
 I2C0_mux1_ch0_48 36.80000000000004 Payload 03/28/2016 01:50:11
 I2C0_mux1_ch0_1D (3315, 3910, 25.0) Payload 03/28/2016 01:50:13
 I2C0_mux1_ch0_48 37.00000000000004 Payload 03/28/2016 01:50:13
 I2C0_mux1_ch0_1D (3370, 3975, 25.0) Payload 03/28/2016 01:50:15
 I2C0_mux1_ch0_48 37.200000000000045 Payload 03/28/2016 01:50:15
 I2C0_mux1_ch0_1D (3425, 4040, 25.0) Payload 03/28/2016 01:50:17
 I2C0_mux1_ch0_48 37.40000000000005 Payload 03/28/2016 01:50:17
 I2C0_mux1_ch0_1D (3480, 4105, 25.0) Payload 03/28/2016 01:50:19
 I2C0_mux1_ch0_48 37.60000000000005 Payload 03/28/2016 01:50:19
 I2C0_mux1_ch0_1D (3535, 4170, 25.0) Payload 03/28/2016 01:50:21
 I2C0_mux1_ch0_48 37.800000000000054 Payload 03/28/2016 01:50:21
 I2C0_mux1_ch0_1D (3590, 4235, 25.0) Payload 03/28/2016 01:50:23
 I2C0_mux1_ch0_48 38.00000000000006 Payload 03/28/2016 01:50:23
 I2C0_mux1_ch0_1D (3645, 4300, 25.0) Payload 03/28/2016 01:50:25
 I2C0_mux1_ch0_48 38.20000000000006 Payload 03/28/2016 01:50:25
 I2C0_mux1_ch0_1D (3700, 4365, 25.0) Payload 03/28/2016 01:50:27
 I2C0_mux1_ch0_48 38.40000000000006 Payload 03/28/2016 01:50:27
 I2C0_mux1_ch0_1D (3755, 4430, 25.0) Payload 03/28/2016 01:50:29
 I2C0_mux1_ch0_48 38.600000000000065 Payload 03/28/2016 01:50:29
 I2C0_mux1_ch0_1D (3810, 4495, 25.0) Payload 03/28/2016 01:50:31
 I2C0_mux1_ch0_48 38.80000000000007 Payload 03/28/2016 01:50:31
 I2C0_mux1_ch0_1D (3865, 4560, 25.0) Payload 03/28/2016 01:50:33
 I2C0_mux1_ch0_48 39.00000000000007 Payload 03/28/2016 01:50:33
 I2C0_mux1_ch0_1D (3920, 4625, 25.0) Payload 03/28/2016 01:50:35
 I2C0_mux1_ch0_48 39.200000000000074 Payload 03/28/2016 01:50:35
 I2C0_mux1_ch0_1D (3975, 4690, 25.0) Payload 03/28/2016 01:50:37
 I2C0_mux1_ch0_48 39.40000000000008 Payload 03/28/2016 01:50:37
 I2C0_mux1_ch0_1D (4030, 4755, 25.0) Payload 03/28/2016 01:50:39
 I2C0_mux1_ch0_48 39.60000000000008 Payload 03/28/2016 01:50:39
 I2C0_mux1_ch0_1D (4085, 4820, 25.0) Payload 03/28/2016 01:50:41
 I2C0_mux1_ch0_48 39.80000000000008 Payload 03/28/2016 01:50:41
 I2C0_mux1_ch0_1D (4140, 4885, 25.0) Payload 03/28/2016 01:50:43
 I2C0_mux1_ch0_48 40.000000000000085 Payload 03/28/2016 01:50:43
 